{"/home/travis/build/npmtest/node-npmtest-opencv/test.js":{"path":"/home/travis/build/npmtest/node-npmtest-opencv/test.js","s":{"1":2,"2":2,"3":2,"4":2,"5":2,"6":2,"7":2,"8":1,"9":2,"10":2,"11":1,"12":1,"13":1,"14":1,"15":2,"16":2,"17":2,"18":2,"19":1,"20":1,"21":2,"22":2,"23":2,"24":1,"25":1,"26":1,"27":1,"28":1,"29":1,"30":1,"31":1,"32":1,"33":1,"34":1,"35":1,"36":1,"37":1,"38":1,"39":2,"40":2,"41":1,"42":2,"43":2,"44":1,"45":2,"46":2,"47":1,"48":2,"49":2,"50":1,"51":1,"52":1,"53":1,"54":1},"b":{"1":[2,1,1,1],"2":[1,1,1,1],"3":[1,1],"4":[1,1],"5":[1,1],"6":[1,1],"7":[1,1],"8":[1,1],"9":[1,1],"10":[1,1,1],"11":[1,1],"12":[1,1],"13":[1,1],"14":[1,1],"15":[1,1],"16":[1,1],"17":[1,1]},"f":{"1":2,"2":2,"3":2,"4":2,"5":2,"6":1,"7":1,"8":1,"9":2,"10":2,"11":2,"12":2,"13":1},"fnMap":{"1":{"name":"(anonymous_1)","line":12,"loc":{"start":{"line":12,"column":1},"end":{"line":12,"column":13}}},"2":{"name":"(anonymous_2)","line":19,"loc":{"start":{"line":19,"column":5},"end":{"line":19,"column":17}}},"3":{"name":"(anonymous_3)","line":23,"loc":{"start":{"line":23,"column":24},"end":{"line":23,"column":36}}},"4":{"name":"(anonymous_4)","line":61,"loc":{"start":{"line":61,"column":5},"end":{"line":61,"column":17}}},"5":{"name":"(anonymous_5)","line":82,"loc":{"start":{"line":82,"column":5},"end":{"line":82,"column":17}}},"6":{"name":"(anonymous_6)","line":91,"loc":{"start":{"line":91,"column":77},"end":{"line":94,"column":10}}},"7":{"name":"(anonymous_7)","line":112,"loc":{"start":{"line":112,"column":83},"end":{"line":115,"column":10}},"skip":true},"8":{"name":"(anonymous_8)","line":123,"loc":{"start":{"line":123,"column":77},"end":{"line":126,"column":10}},"skip":true},"9":{"name":"(anonymous_9)","line":139,"loc":{"start":{"line":139,"column":12},"end":{"line":139,"column":40}},"skip":true},"10":{"name":"(anonymous_10)","line":147,"loc":{"start":{"line":147,"column":77},"end":{"line":150,"column":10}},"skip":true},"11":{"name":"(anonymous_11)","line":158,"loc":{"start":{"line":158,"column":83},"end":{"line":161,"column":10}},"skip":true},"12":{"name":"(anonymous_12)","line":169,"loc":{"start":{"line":169,"column":79},"end":{"line":172,"column":10}},"skip":true},"13":{"name":"(anonymous_13)","line":180,"loc":{"start":{"line":180,"column":75},"end":{"line":183,"column":10}},"skip":true}},"statementMap":{"1":{"start":{"line":12,"column":0},"end":{"line":195,"column":5}},"2":{"start":{"line":14,"column":4},"end":{"line":14,"column":14}},"3":{"start":{"line":19,"column":4},"end":{"line":56,"column":9}},"4":{"start":{"line":21,"column":8},"end":{"line":21,"column":19}},"5":{"start":{"line":23,"column":8},"end":{"line":35,"column":13}},"6":{"start":{"line":24,"column":12},"end":{"line":34,"column":13}},"7":{"start":{"line":25,"column":16},"end":{"line":28,"column":30}},"8":{"start":{"line":30,"column":16},"end":{"line":33,"column":27}},"9":{"start":{"line":37,"column":8},"end":{"line":39,"column":21}},"10":{"start":{"line":40,"column":8},"end":{"line":53,"column":9}},"11":{"start":{"line":43,"column":12},"end":{"line":46,"column":14}},"12":{"start":{"line":47,"column":12},"end":{"line":47,"column":18}},"13":{"start":{"line":50,"column":12},"end":{"line":51,"column":46}},"14":{"start":{"line":52,"column":12},"end":{"line":52,"column":18}},"15":{"start":{"line":55,"column":8},"end":{"line":55,"column":35}},"16":{"start":{"line":61,"column":4},"end":{"line":63,"column":9}},"17":{"start":{"line":62,"column":8},"end":{"line":62,"column":15}},"18":{"start":{"line":64,"column":4},"end":{"line":77,"column":5}},"19":{"start":{"line":70,"column":8},"end":{"line":70,"column":14}},"20":{"start":{"line":76,"column":8},"end":{"line":76,"column":14}},"21":{"start":{"line":82,"column":4},"end":{"line":84,"column":9}},"22":{"start":{"line":83,"column":8},"end":{"line":83,"column":15}},"23":{"start":{"line":85,"column":4},"end":{"line":194,"column":5}},"24":{"start":{"line":91,"column":8},"end":{"line":99,"column":10}},"25":{"start":{"line":98,"column":12},"end":{"line":98,"column":35}},"26":{"start":{"line":102,"column":8},"end":{"line":104,"column":63}},"27":{"start":{"line":105,"column":8},"end":{"line":105,"column":14}},"28":{"start":{"line":112,"column":8},"end":{"line":121,"column":10},"skip":true},"29":{"start":{"line":119,"column":12},"end":{"line":119,"column":55},"skip":true},"30":{"start":{"line":120,"column":12},"end":{"line":120,"column":48},"skip":true},"31":{"start":{"line":123,"column":8},"end":{"line":136,"column":10},"skip":true},"32":{"start":{"line":130,"column":12},"end":{"line":130,"column":76},"skip":true},"33":{"start":{"line":131,"column":12},"end":{"line":131,"column":73},"skip":true},"34":{"start":{"line":132,"column":12},"end":{"line":132,"column":74},"skip":true},"35":{"start":{"line":133,"column":12},"end":{"line":133,"column":79},"skip":true},"36":{"start":{"line":134,"column":12},"end":{"line":134,"column":25},"skip":true},"37":{"start":{"line":135,"column":12},"end":{"line":135,"column":45},"skip":true},"38":{"start":{"line":138,"column":8},"end":{"line":145,"column":14},"skip":true},"39":{"start":{"line":143,"column":16},"end":{"line":143,"column":29},"skip":true},"40":{"start":{"line":144,"column":16},"end":{"line":144,"column":55},"skip":true},"41":{"start":{"line":147,"column":8},"end":{"line":156,"column":10},"skip":true},"42":{"start":{"line":154,"column":12},"end":{"line":154,"column":25},"skip":true},"43":{"start":{"line":155,"column":12},"end":{"line":155,"column":45},"skip":true},"44":{"start":{"line":158,"column":8},"end":{"line":167,"column":10},"skip":true},"45":{"start":{"line":165,"column":12},"end":{"line":165,"column":25},"skip":true},"46":{"start":{"line":166,"column":12},"end":{"line":166,"column":48},"skip":true},"47":{"start":{"line":169,"column":8},"end":{"line":178,"column":10},"skip":true},"48":{"start":{"line":176,"column":12},"end":{"line":176,"column":25},"skip":true},"49":{"start":{"line":177,"column":12},"end":{"line":177,"column":46},"skip":true},"50":{"start":{"line":180,"column":8},"end":{"line":189,"column":10},"skip":true},"51":{"start":{"line":187,"column":12},"end":{"line":187,"column":94},"skip":true},"52":{"start":{"line":188,"column":12},"end":{"line":188,"column":48},"skip":true},"53":{"start":{"line":192,"column":8},"end":{"line":192,"column":35},"skip":true},"54":{"start":{"line":193,"column":8},"end":{"line":193,"column":14},"skip":true}},"branchMap":{"1":{"line":25,"type":"binary-expr","locations":[{"start":{"line":25,"column":23},"end":{"line":25,"column":62}},{"start":{"line":26,"column":20},"end":{"line":26,"column":70}},{"start":{"line":27,"column":20},"end":{"line":27,"column":71}},{"start":{"line":28,"column":20},"end":{"line":28,"column":29}}]},"2":{"line":30,"type":"binary-expr","locations":[{"start":{"line":30,"column":23},"end":{"line":30,"column":37}},{"start":{"line":31,"column":20},"end":{"line":31,"column":61}},{"start":{"line":32,"column":20},"end":{"line":32,"column":70}},{"start":{"line":33,"column":20},"end":{"line":33,"column":26}}]},"3":{"line":37,"type":"cond-expr","locations":[{"start":{"line":38,"column":14},"end":{"line":38,"column":20}},{"start":{"line":39,"column":14},"end":{"line":39,"column":20}}]},"4":{"line":40,"type":"switch","locations":[{"start":{"line":42,"column":8},"end":{"line":47,"column":18}},{"start":{"line":49,"column":8},"end":{"line":52,"column":18}}]},"5":{"line":44,"type":"binary-expr","locations":[{"start":{"line":44,"column":16},"end":{"line":44,"column":44}},{"start":{"line":44,"column":48},"end":{"line":44,"column":66}}]},"6":{"line":50,"type":"binary-expr","locations":[{"start":{"line":50,"column":21},"end":{"line":50,"column":49}},{"start":{"line":50,"column":53},"end":{"line":50,"column":72}}]},"7":{"line":64,"type":"switch","locations":[{"start":{"line":69,"column":4},"end":{"line":70,"column":14}},{"start":{"line":75,"column":4},"end":{"line":76,"column":14}}]},"8":{"line":85,"type":"switch","locations":[{"start":{"line":90,"column":4},"end":{"line":105,"column":14}},{"start":{"line":111,"column":4},"end":{"line":193,"column":14},"skip":true}]},"9":{"line":91,"type":"binary-expr","locations":[{"start":{"line":91,"column":42},"end":{"line":91,"column":73}},{"start":{"line":91,"column":77},"end":{"line":99,"column":9}}]},"10":{"line":102,"type":"binary-expr","locations":[{"start":{"line":102,"column":18},"end":{"line":102,"column":32}},{"start":{"line":103,"column":12},"end":{"line":103,"column":53}},{"start":{"line":104,"column":12},"end":{"line":104,"column":61}}]},"11":{"line":112,"type":"binary-expr","locations":[{"start":{"line":112,"column":45},"end":{"line":112,"column":79},"skip":true},{"start":{"line":112,"column":83},"end":{"line":121,"column":9},"skip":true}]},"12":{"line":123,"type":"binary-expr","locations":[{"start":{"line":123,"column":42},"end":{"line":123,"column":73},"skip":true},{"start":{"line":123,"column":77},"end":{"line":136,"column":9},"skip":true}]},"13":{"line":138,"type":"binary-expr","locations":[{"start":{"line":138,"column":48},"end":{"line":138,"column":85},"skip":true},{"start":{"line":139,"column":12},"end":{"line":145,"column":13},"skip":true}]},"14":{"line":147,"type":"binary-expr","locations":[{"start":{"line":147,"column":42},"end":{"line":147,"column":73},"skip":true},{"start":{"line":147,"column":77},"end":{"line":156,"column":9},"skip":true}]},"15":{"line":158,"type":"binary-expr","locations":[{"start":{"line":158,"column":45},"end":{"line":158,"column":79},"skip":true},{"start":{"line":158,"column":83},"end":{"line":167,"column":9},"skip":true}]},"16":{"line":169,"type":"binary-expr","locations":[{"start":{"line":169,"column":43},"end":{"line":169,"column":75},"skip":true},{"start":{"line":169,"column":79},"end":{"line":178,"column":9},"skip":true}]},"17":{"line":180,"type":"binary-expr","locations":[{"start":{"line":180,"column":41},"end":{"line":180,"column":71},"skip":true},{"start":{"line":180,"column":75},"end":{"line":189,"column":9},"skip":true}]}},"code":["/* istanbul instrument in package npmtest_opencv */","/*jslint","    bitwise: true,","    browser: true,","    maxerr: 8,","    maxlen: 96,","    node: true,","    nomen: true,","    regexp: true,","    stupid: true","*/","(function () {","    'use strict';","    var local;","","","","    // run shared js-env code - pre-init","    (function () {","        // init local","        local = {};","        // init modeJs","        local.modeJs = (function () {","            try {","                return typeof navigator.userAgent === 'string' &&","                    typeof document.querySelector('body') === 'object' &&","                    typeof XMLHttpRequest.prototype.open === 'function' &&","                    'browser';","            } catch (errorCaughtBrowser) {","                return module.exports &&","                    typeof process.versions.node === 'string' &&","                    typeof require('http').createServer === 'function' &&","                    'node';","            }","        }());","        // init global","        local.global = local.modeJs === 'browser'","            ? window","            : global;","        switch (local.modeJs) {","        // re-init local from window.local","        case 'browser':","            local = local.global.utility2.objectSetDefault(","                local.global.utility2_rollup || local.global.local,","                local.global.utility2","            );","            break;","        // re-init local from example.js","        case 'node':","            local = (local.global.utility2_rollup || require('utility2'))","                .requireExampleJsFromReadme();","            break;","        }","        // export local","        local.global.local = local;","    }());","","","","    // run shared js-env code - function","    (function () {","        return;","    }());","    switch (local.modeJs) {","","","","    // run browser js-env code - function","    case 'browser':","        break;","","","","    // run node js-env code - function","    case 'node':","        break;","    }","","","","    // run shared js-env code - post-init","    (function () {","        return;","    }());","    switch (local.modeJs) {","","","","    // run browser js-env code - post-init","    case 'browser':","        local.testCase_browser_nullCase = local.testCase_browser_nullCase || function (","            options,","            onError","        ) {","        /*","         * this function will test browsers's null-case handling-behavior-behavior","         */","            onError(null, options);","        };","","        // run tests","        local.nop(local.modeTest &&","            document.querySelector('#testRunButton1') &&","            document.querySelector('#testRunButton1').click());","        break;","","","","    // run node js-env code - post-init","    /* istanbul ignore next */","    case 'node':","        local.testCase_buildApidoc_default = local.testCase_buildApidoc_default || function (","            options,","            onError","        ) {","        /*","         * this function will test buildApidoc's default handling-behavior-behavior","         */","            options = { modulePathList: module.paths };","            local.buildApidoc(options, onError);","        };","","        local.testCase_buildApp_default = local.testCase_buildApp_default || function (","            options,","            onError","        ) {","        /*","         * this function will test buildApp's default handling-behavior-behavior","         */","            local.testCase_buildReadme_default(options, local.onErrorThrow);","            local.testCase_buildLib_default(options, local.onErrorThrow);","            local.testCase_buildTest_default(options, local.onErrorThrow);","            local.testCase_buildCustomOrg_default(options, local.onErrorThrow);","            options = [];","            local.buildApp(options, onError);","        };","","        local.testCase_buildCustomOrg_default = local.testCase_buildCustomOrg_default ||","            function (options, onError) {","            /*","             * this function will test buildCustomOrg's default handling-behavior","             */","                options = {};","                local.buildCustomOrg(options, onError);","            };","","        local.testCase_buildLib_default = local.testCase_buildLib_default || function (","            options,","            onError","        ) {","        /*","         * this function will test buildLib's default handling-behavior","         */","            options = {};","            local.buildLib(options, onError);","        };","","        local.testCase_buildReadme_default = local.testCase_buildReadme_default || function (","            options,","            onError","        ) {","        /*","         * this function will test buildReadme's default handling-behavior-behavior","         */","            options = {};","            local.buildReadme(options, onError);","        };","","        local.testCase_buildTest_default = local.testCase_buildTest_default || function (","            options,","            onError","        ) {","        /*","         * this function will test buildTest's default handling-behavior","         */","            options = {};","            local.buildTest(options, onError);","        };","","        local.testCase_webpage_default = local.testCase_webpage_default || function (","            options,","            onError","        ) {","        /*","         * this function will test webpage's default handling-behavior","         */","            options = { modeCoverageMerge: true, url: local.serverLocalHost + '?modeTest=1' };","            local.browserTest(options, onError);","        };","","        // run test-server","        local.testRunServer(local);","        break;","    }","}());",""],"l":{"12":2,"14":2,"19":2,"21":2,"23":2,"24":2,"25":2,"30":1,"37":2,"40":2,"43":1,"47":1,"50":1,"52":1,"55":2,"61":2,"62":2,"64":2,"70":1,"76":1,"82":2,"83":2,"85":2,"91":1,"98":1,"102":1,"105":1,"112":1,"119":1,"120":1,"123":1,"130":1,"131":1,"132":1,"133":1,"134":1,"135":1,"138":1,"143":2,"144":2,"147":1,"154":2,"155":2,"158":1,"165":2,"166":2,"169":1,"176":2,"177":2,"180":1,"187":1,"188":1,"192":1,"193":1}},"/home/travis/build/npmtest/node-npmtest-opencv/lib.npmtest_opencv.js":{"path":"/home/travis/build/npmtest/node-npmtest-opencv/lib.npmtest_opencv.js","s":{"1":2,"2":2,"3":2,"4":2,"5":2,"6":2,"7":2,"8":1,"9":2,"10":2,"11":2,"12":2,"13":1,"14":1,"15":1,"16":1},"b":{"1":[2,1,1,1],"2":[1,1,1,1],"3":[1,1],"4":[2,2],"5":[1,1]},"f":{"1":2,"2":2,"3":2},"fnMap":{"1":{"name":"(anonymous_1)","line":12,"loc":{"start":{"line":12,"column":1},"end":{"line":12,"column":13}}},"2":{"name":"(anonymous_2)","line":19,"loc":{"start":{"line":19,"column":5},"end":{"line":19,"column":17}}},"3":{"name":"(anonymous_3)","line":23,"loc":{"start":{"line":23,"column":24},"end":{"line":23,"column":36}}}},"statementMap":{"1":{"start":{"line":12,"column":0},"end":{"line":53,"column":5}},"2":{"start":{"line":14,"column":4},"end":{"line":14,"column":14}},"3":{"start":{"line":19,"column":4},"end":{"line":52,"column":9}},"4":{"start":{"line":21,"column":8},"end":{"line":21,"column":19}},"5":{"start":{"line":23,"column":8},"end":{"line":35,"column":13}},"6":{"start":{"line":24,"column":12},"end":{"line":34,"column":13}},"7":{"start":{"line":25,"column":16},"end":{"line":28,"column":30}},"8":{"start":{"line":30,"column":16},"end":{"line":33,"column":27}},"9":{"start":{"line":37,"column":8},"end":{"line":39,"column":21}},"10":{"start":{"line":41,"column":8},"end":{"line":41,"column":54}},"11":{"start":{"line":43,"column":8},"end":{"line":43,"column":51}},"12":{"start":{"line":45,"column":8},"end":{"line":51,"column":9}},"13":{"start":{"line":46,"column":12},"end":{"line":46,"column":57}},"14":{"start":{"line":48,"column":12},"end":{"line":48,"column":35}},"15":{"start":{"line":49,"column":12},"end":{"line":49,"column":49}},"16":{"start":{"line":50,"column":12},"end":{"line":50,"column":43}}},"branchMap":{"1":{"line":25,"type":"binary-expr","locations":[{"start":{"line":25,"column":23},"end":{"line":25,"column":62}},{"start":{"line":26,"column":20},"end":{"line":26,"column":70}},{"start":{"line":27,"column":20},"end":{"line":27,"column":71}},{"start":{"line":28,"column":20},"end":{"line":28,"column":29}}]},"2":{"line":30,"type":"binary-expr","locations":[{"start":{"line":30,"column":23},"end":{"line":30,"column":37}},{"start":{"line":31,"column":20},"end":{"line":31,"column":61}},{"start":{"line":32,"column":20},"end":{"line":32,"column":70}},{"start":{"line":33,"column":20},"end":{"line":33,"column":26}}]},"3":{"line":37,"type":"cond-expr","locations":[{"start":{"line":38,"column":14},"end":{"line":38,"column":20}},{"start":{"line":39,"column":14},"end":{"line":39,"column":20}}]},"4":{"line":41,"type":"binary-expr","locations":[{"start":{"line":41,"column":16},"end":{"line":41,"column":44}},{"start":{"line":41,"column":48},"end":{"line":41,"column":53}}]},"5":{"line":45,"type":"if","locations":[{"start":{"line":45,"column":8},"end":{"line":45,"column":8}},{"start":{"line":45,"column":8},"end":{"line":45,"column":8}}]}},"code":["/* istanbul instrument in package npmtest_opencv */","/*jslint","    bitwise: true,","    browser: true,","    maxerr: 8,","    maxlen: 96,","    node: true,","    nomen: true,","    regexp: true,","    stupid: true","*/","(function () {","    'use strict';","    var local;","","","","    // run shared js-env code - pre-init","    (function () {","        // init local","        local = {};","        // init modeJs","        local.modeJs = (function () {","            try {","                return typeof navigator.userAgent === 'string' &&","                    typeof document.querySelector('body') === 'object' &&","                    typeof XMLHttpRequest.prototype.open === 'function' &&","                    'browser';","            } catch (errorCaughtBrowser) {","                return module.exports &&","                    typeof process.versions.node === 'string' &&","                    typeof require('http').createServer === 'function' &&","                    'node';","            }","        }());","        // init global","        local.global = local.modeJs === 'browser'","            ? window","            : global;","        // init utility2_rollup","        local = local.global.utility2_rollup || local;","        // init lib","        local.local = local.npmtest_opencv = local;","        // init exports","        if (local.modeJs === 'browser') {","            local.global.utility2_npmtest_opencv = local;","        } else {","            module.exports = local;","            module.exports.__dirname = __dirname;","            module.exports.module = module;","        }","    }());","}());",""],"l":{"12":2,"14":2,"19":2,"21":2,"23":2,"24":2,"25":2,"30":1,"37":2,"41":2,"43":2,"45":2,"46":1,"48":1,"49":1,"50":1}},"/home/travis/build/npmtest/node-npmtest-opencv/example.js":{"path":"/home/travis/build/npmtest/node-npmtest-opencv/example.js","s":{"1":2,"2":2,"3":2,"4":2,"5":2,"6":2,"7":2,"8":1,"9":2,"10":2,"11":2,"12":2,"13":1,"14":2,"15":2,"16":2,"17":2,"18":2,"19":0,"20":2,"21":1,"22":1,"23":1,"24":1,"25":1,"26":0,"27":0,"28":1,"29":1,"30":2,"31":0,"32":0,"33":0,"34":1,"35":2,"36":2,"37":3,"38":3,"39":3,"40":3,"41":0,"42":3,"43":3,"44":3,"45":1,"46":3,"47":1,"48":1,"49":1,"50":1,"51":1,"52":1,"53":1,"54":1,"55":1,"56":1,"57":0,"58":1,"59":6,"60":6,"61":1,"62":2,"63":0,"64":2,"65":1,"66":1,"67":0,"68":0,"69":0,"70":0,"71":0,"72":0,"73":0,"74":0,"75":0,"76":0,"77":0,"78":0,"79":0,"80":0,"81":0,"82":0,"83":0},"b":{"1":[2,1,1,1],"2":[1,1,1,1],"3":[1,1],"4":[2,2],"5":[1,1],"6":[1,1],"7":[2,0],"8":[2,1,1,1,1,1],"9":[0,2,0],"10":[1,1],"11":[2,1,1],"12":[1,0],"13":[0,2],"14":[2,0,0,0,0,0,0],"15":[0,3],"16":[3,0],"17":[1,1],"18":[0,1],"19":[1,2,0,2],"20":[1,0],"21":[1,1],"22":[0,0],"23":[0,0],"24":[0,0],"25":[0,0],"26":[0,0],"27":[0,0],"28":[0,0]},"f":{"1":2,"2":2,"3":2,"4":2,"5":2,"6":2,"7":3,"8":3,"9":3,"10":1,"11":6,"12":0},"fnMap":{"1":{"name":"(anonymous_1)","line":26,"loc":{"start":{"line":26,"column":1},"end":{"line":26,"column":13}}},"2":{"name":"(anonymous_2)","line":33,"loc":{"start":{"line":33,"column":5},"end":{"line":33,"column":17}}},"3":{"name":"(anonymous_3)","line":37,"loc":{"start":{"line":37,"column":24},"end":{"line":37,"column":36}}},"4":{"name":"(anonymous_4)","line":69,"loc":{"start":{"line":69,"column":31},"end":{"line":69,"column":48}},"skip":true},"5":{"name":"(anonymous_5)","line":78,"loc":{"start":{"line":78,"column":26},"end":{"line":78,"column":45}},"skip":true},"6":{"name":"(anonymous_6)","line":123,"loc":{"start":{"line":123,"column":33},"end":{"line":123,"column":48}},"skip":true},"7":{"name":"(anonymous_7)","line":125,"loc":{"start":{"line":125,"column":27},"end":{"line":125,"column":39}},"skip":true},"8":{"name":"(anonymous_8)","line":133,"loc":{"start":{"line":133,"column":59},"end":{"line":133,"column":74}},"skip":true},"9":{"name":"(anonymous_9)","line":143,"loc":{"start":{"line":143,"column":45},"end":{"line":143,"column":62}},"skip":true},"10":{"name":"(anonymous_10)","line":144,"loc":{"start":{"line":144,"column":73},"end":{"line":144,"column":92}},"skip":true},"11":{"name":"(anonymous_11)","line":272,"loc":{"start":{"line":272,"column":51},"end":{"line":272,"column":77}},"skip":true},"12":{"name":"(anonymous_12)","line":315,"loc":{"start":{"line":315,"column":32},"end":{"line":315,"column":61}},"skip":true}},"statementMap":{"1":{"start":{"line":26,"column":0},"end":{"line":326,"column":5}},"2":{"start":{"line":28,"column":4},"end":{"line":28,"column":14}},"3":{"start":{"line":33,"column":4},"end":{"line":60,"column":9}},"4":{"start":{"line":35,"column":8},"end":{"line":35,"column":19}},"5":{"start":{"line":37,"column":8},"end":{"line":49,"column":13}},"6":{"start":{"line":38,"column":12},"end":{"line":48,"column":13}},"7":{"start":{"line":39,"column":16},"end":{"line":42,"column":30}},"8":{"start":{"line":44,"column":16},"end":{"line":47,"column":27}},"9":{"start":{"line":51,"column":8},"end":{"line":53,"column":21}},"10":{"start":{"line":55,"column":8},"end":{"line":57,"column":45}},"11":{"start":{"line":59,"column":8},"end":{"line":59,"column":35}},"12":{"start":{"line":61,"column":4},"end":{"line":325,"column":5}},"13":{"start":{"line":69,"column":8},"end":{"line":121,"column":10},"skip":true},"14":{"start":{"line":70,"column":12},"end":{"line":88,"column":13},"skip":true},"15":{"start":{"line":76,"column":16},"end":{"line":87,"column":19},"skip":true},"16":{"start":{"line":79,"column":20},"end":{"line":86,"column":21},"skip":true},"17":{"start":{"line":82,"column":24},"end":{"line":82,"column":43},"skip":true},"18":{"start":{"line":83,"column":24},"end":{"line":83,"column":30},"skip":true},"19":{"start":{"line":85,"column":24},"end":{"line":85,"column":49},"skip":true},"20":{"start":{"line":89,"column":12},"end":{"line":107,"column":13},"skip":true},"21":{"start":{"line":92,"column":16},"end":{"line":102,"column":17},"skip":true},"22":{"start":{"line":93,"column":20},"end":{"line":93,"column":86},"skip":true},"23":{"start":{"line":94,"column":20},"end":{"line":95,"column":45},"skip":true},"24":{"start":{"line":96,"column":20},"end":{"line":96,"column":42},"skip":true},"25":{"start":{"line":97,"column":20},"end":{"line":97,"column":48},"skip":true},"26":{"start":{"line":100,"column":20},"end":{"line":100,"column":85},"skip":true},"27":{"start":{"line":101,"column":20},"end":{"line":101,"column":96},"skip":true},"28":{"start":{"line":103,"column":16},"end":{"line":103,"column":22},"skip":true},"29":{"start":{"line":106,"column":16},"end":{"line":106,"column":22},"skip":true},"30":{"start":{"line":108,"column":12},"end":{"line":120,"column":13},"skip":true},"31":{"start":{"line":114,"column":16},"end":{"line":119,"column":17},"skip":true},"32":{"start":{"line":116,"column":20},"end":{"line":116,"column":78},"skip":true},"33":{"start":{"line":118,"column":20},"end":{"line":118,"column":47},"skip":true},"34":{"start":{"line":123,"column":8},"end":{"line":141,"column":11},"skip":true},"35":{"start":{"line":124,"column":12},"end":{"line":124,"column":54},"skip":true},"36":{"start":{"line":125,"column":12},"end":{"line":140,"column":14},"skip":true},"37":{"start":{"line":126,"column":16},"end":{"line":126,"column":28},"skip":true},"38":{"start":{"line":127,"column":16},"end":{"line":127,"column":69},"skip":true},"39":{"start":{"line":128,"column":16},"end":{"line":128,"column":75},"skip":true},"40":{"start":{"line":129,"column":16},"end":{"line":131,"column":17},"skip":true},"41":{"start":{"line":130,"column":20},"end":{"line":130,"column":27},"skip":true},"42":{"start":{"line":133,"column":16},"end":{"line":137,"column":36},"skip":true},"43":{"start":{"line":134,"column":20},"end":{"line":136,"column":55},"skip":true},"44":{"start":{"line":139,"column":16},"end":{"line":139,"column":57},"skip":true},"45":{"start":{"line":143,"column":8},"end":{"line":147,"column":11},"skip":true},"46":{"start":{"line":144,"column":12},"end":{"line":146,"column":15},"skip":true},"47":{"start":{"line":145,"column":16},"end":{"line":145,"column":70},"skip":true},"48":{"start":{"line":149,"column":8},"end":{"line":149,"column":31},"skip":true},"49":{"start":{"line":150,"column":8},"end":{"line":150,"column":14},"skip":true},"50":{"start":{"line":158,"column":8},"end":{"line":158,"column":31},"skip":true},"51":{"start":{"line":160,"column":8},"end":{"line":160,"column":33},"skip":true},"52":{"start":{"line":161,"column":8},"end":{"line":161,"column":37},"skip":true},"53":{"start":{"line":162,"column":8},"end":{"line":162,"column":35},"skip":true},"54":{"start":{"line":164,"column":8},"end":{"line":164,"column":50},"skip":true},"55":{"start":{"line":166,"column":8},"end":{"line":256,"column":2},"skip":true},"56":{"start":{"line":258,"column":8},"end":{"line":286,"column":9},"skip":true},"57":{"start":{"line":259,"column":12},"end":{"line":269,"column":14},"skip":true},"58":{"start":{"line":271,"column":12},"end":{"line":285,"column":19},"skip":true},"59":{"start":{"line":274,"column":20},"end":{"line":274,"column":35},"skip":true},"60":{"start":{"line":275,"column":20},"end":{"line":284,"column":21},"skip":true},"61":{"start":{"line":277,"column":24},"end":{"line":277,"column":64},"skip":true},"62":{"start":{"line":279,"column":24},"end":{"line":279,"column":40},"skip":true},"63":{"start":{"line":281,"column":24},"end":{"line":281,"column":40},"skip":true},"64":{"start":{"line":283,"column":24},"end":{"line":283,"column":39},"skip":true},"65":{"start":{"line":288,"column":8},"end":{"line":290,"column":9},"skip":true},"66":{"start":{"line":289,"column":12},"end":{"line":289,"column":18},"skip":true},"67":{"start":{"line":291,"column":8},"end":{"line":293,"column":54},"skip":true},"68":{"start":{"line":296,"column":8},"end":{"line":301,"column":37},"skip":true},"69":{"start":{"line":303,"column":8},"end":{"line":303,"column":82},"skip":true},"70":{"start":{"line":306,"column":8},"end":{"line":308,"column":9},"skip":true},"71":{"start":{"line":307,"column":12},"end":{"line":307,"column":82},"skip":true},"72":{"start":{"line":310,"column":8},"end":{"line":312,"column":9},"skip":true},"73":{"start":{"line":311,"column":12},"end":{"line":311,"column":18},"skip":true},"74":{"start":{"line":313,"column":8},"end":{"line":313,"column":54},"skip":true},"75":{"start":{"line":314,"column":8},"end":{"line":314,"column":69},"skip":true},"76":{"start":{"line":315,"column":8},"end":{"line":323,"column":36},"skip":true},"77":{"start":{"line":316,"column":12},"end":{"line":316,"column":61},"skip":true},"78":{"start":{"line":317,"column":12},"end":{"line":320,"column":13},"skip":true},"79":{"start":{"line":318,"column":16},"end":{"line":318,"column":75},"skip":true},"80":{"start":{"line":319,"column":16},"end":{"line":319,"column":23},"skip":true},"81":{"start":{"line":321,"column":12},"end":{"line":321,"column":38},"skip":true},"82":{"start":{"line":322,"column":12},"end":{"line":322,"column":27},"skip":true},"83":{"start":{"line":324,"column":8},"end":{"line":324,"column":14},"skip":true}},"branchMap":{"1":{"line":39,"type":"binary-expr","locations":[{"start":{"line":39,"column":23},"end":{"line":39,"column":62}},{"start":{"line":40,"column":20},"end":{"line":40,"column":70}},{"start":{"line":41,"column":20},"end":{"line":41,"column":71}},{"start":{"line":42,"column":20},"end":{"line":42,"column":29}}]},"2":{"line":44,"type":"binary-expr","locations":[{"start":{"line":44,"column":23},"end":{"line":44,"column":37}},{"start":{"line":45,"column":20},"end":{"line":45,"column":61}},{"start":{"line":46,"column":20},"end":{"line":46,"column":70}},{"start":{"line":47,"column":20},"end":{"line":47,"column":26}}]},"3":{"line":51,"type":"cond-expr","locations":[{"start":{"line":52,"column":14},"end":{"line":52,"column":20}},{"start":{"line":53,"column":14},"end":{"line":53,"column":20}}]},"4":{"line":55,"type":"binary-expr","locations":[{"start":{"line":55,"column":16},"end":{"line":55,"column":44}},{"start":{"line":55,"column":49},"end":{"line":57,"column":43}}]},"5":{"line":55,"type":"cond-expr","locations":[{"start":{"line":56,"column":14},"end":{"line":56,"column":50}},{"start":{"line":57,"column":14},"end":{"line":57,"column":43}}]},"6":{"line":61,"type":"switch","locations":[{"start":{"line":68,"column":4},"end":{"line":150,"column":14},"skip":true},{"start":{"line":156,"column":4},"end":{"line":324,"column":14},"skip":true}]},"7":{"line":70,"type":"if","locations":[{"start":{"line":70,"column":12},"end":{"line":70,"column":12},"skip":true},{"start":{"line":70,"column":12},"end":{"line":70,"column":12},"skip":true}]},"8":{"line":70,"type":"binary-expr","locations":[{"start":{"line":70,"column":16},"end":{"line":70,"column":22},"skip":true},{"start":{"line":70,"column":27},"end":{"line":70,"column":32},"skip":true},{"start":{"line":71,"column":20},"end":{"line":71,"column":39},"skip":true},{"start":{"line":72,"column":20},"end":{"line":72,"column":49},"skip":true},{"start":{"line":73,"column":20},"end":{"line":73,"column":58},"skip":true},{"start":{"line":74,"column":20},"end":{"line":74,"column":69},"skip":true}]},"9":{"line":79,"type":"switch","locations":[{"start":{"line":80,"column":20},"end":{"line":80,"column":33},"skip":true},{"start":{"line":81,"column":20},"end":{"line":83,"column":30},"skip":true},{"start":{"line":84,"column":20},"end":{"line":85,"column":49},"skip":true}]},"10":{"line":89,"type":"switch","locations":[{"start":{"line":90,"column":12},"end":{"line":103,"column":22},"skip":true},{"start":{"line":105,"column":12},"end":{"line":106,"column":22},"skip":true}]},"11":{"line":89,"type":"binary-expr","locations":[{"start":{"line":89,"column":20},"end":{"line":89,"column":25},"skip":true},{"start":{"line":89,"column":29},"end":{"line":89,"column":48},"skip":true},{"start":{"line":89,"column":52},"end":{"line":89,"column":74},"skip":true}]},"12":{"line":92,"type":"if","locations":[{"start":{"line":92,"column":16},"end":{"line":92,"column":16},"skip":true},{"start":{"line":92,"column":16},"end":{"line":92,"column":16},"skip":true}]},"13":{"line":108,"type":"if","locations":[{"start":{"line":108,"column":12},"end":{"line":108,"column":12},"skip":true},{"start":{"line":108,"column":12},"end":{"line":108,"column":12},"skip":true}]},"14":{"line":108,"type":"binary-expr","locations":[{"start":{"line":108,"column":16},"end":{"line":108,"column":61},"skip":true},{"start":{"line":108,"column":66},"end":{"line":108,"column":72},"skip":true},{"start":{"line":108,"column":77},"end":{"line":108,"column":82},"skip":true},{"start":{"line":109,"column":20},"end":{"line":109,"column":39},"skip":true},{"start":{"line":110,"column":20},"end":{"line":110,"column":49},"skip":true},{"start":{"line":111,"column":20},"end":{"line":111,"column":58},"skip":true},{"start":{"line":112,"column":20},"end":{"line":112,"column":68},"skip":true}]},"15":{"line":129,"type":"if","locations":[{"start":{"line":129,"column":16},"end":{"line":129,"column":16},"skip":true},{"start":{"line":129,"column":16},"end":{"line":129,"column":16},"skip":true}]},"16":{"line":134,"type":"cond-expr","locations":[{"start":{"line":135,"column":26},"end":{"line":135,"column":29},"skip":true},{"start":{"line":136,"column":26},"end":{"line":136,"column":54},"skip":true}]},"17":{"line":164,"type":"binary-expr","locations":[{"start":{"line":164,"column":27},"end":{"line":164,"column":43},"skip":true},{"start":{"line":164,"column":47},"end":{"line":164,"column":49},"skip":true}]},"18":{"line":258,"type":"if","locations":[{"start":{"line":258,"column":8},"end":{"line":258,"column":8},"skip":true},{"start":{"line":258,"column":8},"end":{"line":258,"column":8},"skip":true}]},"19":{"line":275,"type":"switch","locations":[{"start":{"line":276,"column":20},"end":{"line":277,"column":64},"skip":true},{"start":{"line":278,"column":20},"end":{"line":279,"column":40},"skip":true},{"start":{"line":280,"column":20},"end":{"line":281,"column":40},"skip":true},{"start":{"line":282,"column":20},"end":{"line":283,"column":39},"skip":true}]},"20":{"line":288,"type":"if","locations":[{"start":{"line":288,"column":8},"end":{"line":288,"column":8},"skip":true},{"start":{"line":288,"column":8},"end":{"line":288,"column":8},"skip":true}]},"21":{"line":288,"type":"binary-expr","locations":[{"start":{"line":288,"column":12},"end":{"line":288,"column":40},"skip":true},{"start":{"line":288,"column":44},"end":{"line":288,"column":67},"skip":true}]},"22":{"line":292,"type":"binary-expr","locations":[{"start":{"line":292,"column":12},"end":{"line":292,"column":50},"skip":true},{"start":{"line":293,"column":12},"end":{"line":293,"column":53},"skip":true}]},"23":{"line":297,"type":"binary-expr","locations":[{"start":{"line":297,"column":12},"end":{"line":297,"column":64},"skip":true},{"start":{"line":298,"column":12},"end":{"line":301,"column":36},"skip":true}]},"24":{"line":303,"type":"binary-expr","locations":[{"start":{"line":303,"column":43},"end":{"line":303,"column":75},"skip":true},{"start":{"line":303,"column":79},"end":{"line":303,"column":81},"skip":true}]},"25":{"line":306,"type":"if","locations":[{"start":{"line":306,"column":8},"end":{"line":306,"column":8},"skip":true},{"start":{"line":306,"column":8},"end":{"line":306,"column":8},"skip":true}]},"26":{"line":310,"type":"if","locations":[{"start":{"line":310,"column":8},"end":{"line":310,"column":8},"skip":true},{"start":{"line":310,"column":8},"end":{"line":310,"column":8},"skip":true}]},"27":{"line":313,"type":"binary-expr","locations":[{"start":{"line":313,"column":27},"end":{"line":313,"column":43},"skip":true},{"start":{"line":313,"column":47},"end":{"line":313,"column":53},"skip":true}]},"28":{"line":317,"type":"if","locations":[{"start":{"line":317,"column":12},"end":{"line":317,"column":12},"skip":true},{"start":{"line":317,"column":12},"end":{"line":317,"column":12},"skip":true}]}},"code":["/*","example.js","","quickstart example","","instruction","    1. save this script as example.js","    2. run the shell command:","        $ npm install npmtest-opencv && PORT=8081 node example.js","    3. play with the browser-demo on http://127.0.0.1:8081","*/","","","","/* istanbul instrument in package npmtest_opencv */","/*jslint","    bitwise: true,","    browser: true,","    maxerr: 8,","    maxlen: 96,","    node: true,","    nomen: true,","    regexp: true,","    stupid: true","*/","(function () {","    'use strict';","    var local;","","","","    // run shared js-env code - pre-init","    (function () {","        // init local","        local = {};","        // init modeJs","        local.modeJs = (function () {","            try {","                return typeof navigator.userAgent === 'string' &&","                    typeof document.querySelector('body') === 'object' &&","                    typeof XMLHttpRequest.prototype.open === 'function' &&","                    'browser';","            } catch (errorCaughtBrowser) {","                return module.exports &&","                    typeof process.versions.node === 'string' &&","                    typeof require('http').createServer === 'function' &&","                    'node';","            }","        }());","        // init global","        local.global = local.modeJs === 'browser'","            ? window","            : global;","        // init utility2_rollup","        local = local.global.utility2_rollup || (local.modeJs === 'browser'","            ? local.global.utility2_npmtest_opencv","            : global.utility2_moduleExports);","        // export local","        local.global.local = local;","    }());","    switch (local.modeJs) {","","","","    // post-init","    // run browser js-env code - post-init","    /* istanbul ignore next */","    case 'browser':","        local.testRunBrowser = function (event) {","            if (!event || (event &&","                    event.currentTarget &&","                    event.currentTarget.className &&","                    event.currentTarget.className.includes &&","                    event.currentTarget.className.includes('onreset'))) {","                // reset output","                Array.from(","                    document.querySelectorAll('body > .resettable')","                ).forEach(function (element) {","                    switch (element.tagName) {","                    case 'INPUT':","                    case 'TEXTAREA':","                        element.value = '';","                        break;","                    default:","                        element.textContent = '';","                    }","                });","            }","            switch (event && event.currentTarget && event.currentTarget.id) {","            case 'testRunButton1':","                // show tests","                if (document.querySelector('#testReportDiv1').style.display === 'none') {","                    document.querySelector('#testReportDiv1').style.display = 'block';","                    document.querySelector('#testRunButton1').textContent =","                        'hide internal test';","                    local.modeTest = true;","                    local.testRunDefault(local);","                // hide tests","                } else {","                    document.querySelector('#testReportDiv1').style.display = 'none';","                    document.querySelector('#testRunButton1').textContent = 'run internal test';","                }","                break;","            // custom-case","            default:","                break;","            }","            if (document.querySelector('#inputTextareaEval1') && (!event || (event &&","                    event.currentTarget &&","                    event.currentTarget.className &&","                    event.currentTarget.className.includes &&","                    event.currentTarget.className.includes('oneval')))) {","                // try to eval input-code","                try {","                    /*jslint evil: true*/","                    eval(document.querySelector('#inputTextareaEval1').value);","                } catch (errorCaught) {","                    console.error(errorCaught);","                }","            }","        };","        // log stderr and stdout to #outputTextareaStdout1","        ['error', 'log'].forEach(function (key) {","            console[key + '_original'] = console[key];","            console[key] = function () {","                var element;","                console[key + '_original'].apply(console, arguments);","                element = document.querySelector('#outputTextareaStdout1');","                if (!element) {","                    return;","                }","                // append text to #outputTextareaStdout1","                element.value += Array.from(arguments).map(function (arg) {","                    return typeof arg === 'string'","                        ? arg","                        : JSON.stringify(arg, null, 4);","                }).join(' ') + '\\n';","                // scroll textarea to bottom","                element.scrollTop = element.scrollHeight;","            };","        });","        // init event-handling","        ['change', 'click', 'keyup'].forEach(function (event) {","            Array.from(document.querySelectorAll('.on' + event)).forEach(function (element) {","                element.addEventListener(event, local.testRunBrowser);","            });","        });","        // run tests","        local.testRunBrowser();","        break;","","","","    // run node js-env code - post-init","    /* istanbul ignore next */","    case 'node':","        // export local","        module.exports = local;","        // require modules","        local.fs = require('fs');","        local.http = require('http');","        local.url = require('url');","        // init assets","        local.assetsDict = local.assetsDict || {};","        /* jslint-ignore-begin */","        local.assetsDict['/assets.index.template.html'] = '\\","<!doctype html>\\n\\","<html lang=\"en\">\\n\\","<head>\\n\\","<meta charset=\"UTF-8\">\\n\\","<meta name=\"viewport\" content=\"width=device-width, initial-scale=1\">\\n\\","<title>{{env.npm_package_name}} (v{{env.npm_package_version}})</title>\\n\\","<style>\\n\\","/*csslint\\n\\","    box-sizing: false,\\n\\","    universal-selector: false\\n\\","*/\\n\\","* {\\n\\","    box-sizing: border-box;\\n\\","}\\n\\","body {\\n\\","    background: #dde;\\n\\","    font-family: Arial, Helvetica, sans-serif;\\n\\","    margin: 2rem;\\n\\","}\\n\\","body > * {\\n\\","    margin-bottom: 1rem;\\n\\","}\\n\\",".utility2FooterDiv {\\n\\","    margin-top: 20px;\\n\\","    text-align: center;\\n\\","}\\n\\","</style>\\n\\","<style>\\n\\","/*csslint\\n\\","*/\\n\\","textarea {\\n\\","    font-family: monospace;\\n\\","    height: 10rem;\\n\\","    width: 100%;\\n\\","}\\n\\","textarea[readonly] {\\n\\","    background: #ddd;\\n\\","}\\n\\","</style>\\n\\","</head>\\n\\","<body>\\n\\","<!-- utility2-comment\\n\\","<div id=\"ajaxProgressDiv1\" style=\"background: #d00; height: 2px; left: 0; margin: 0; padding: 0; position: fixed; top: 0; transition: background 0.5s, width 1.5s; width: 25%;\"></div>\\n\\","utility2-comment -->\\n\\","<h1>\\n\\","<!-- utility2-comment\\n\\","    <a\\n\\","        {{#if env.npm_package_homepage}}\\n\\","        href=\"{{env.npm_package_homepage}}\"\\n\\","        {{/if env.npm_package_homepage}}\\n\\","        target=\"_blank\"\\n\\","    >\\n\\","utility2-comment -->\\n\\","        {{env.npm_package_name}} (v{{env.npm_package_version}})\\n\\","<!-- utility2-comment\\n\\","    </a>\\n\\","utility2-comment -->\\n\\","</h1>\\n\\","<h3>{{env.npm_package_description}}</h3>\\n\\","<!-- utility2-comment\\n\\","<h4><a download href=\"assets.app.js\">download standalone app</a></h4>\\n\\","<button class=\"onclick onreset\" id=\"testRunButton1\">run internal test</button><br>\\n\\","<div id=\"testReportDiv1\" style=\"display: none;\"></div>\\n\\","utility2-comment -->\\n\\","\\n\\","\\n\\","\\n\\","<label>stderr and stdout</label>\\n\\","<textarea class=\"resettable\" id=\"outputTextareaStdout1\" readonly></textarea>\\n\\","<!-- utility2-comment\\n\\","{{#if isRollup}}\\n\\","<script src=\"assets.app.js\"></script>\\n\\","{{#unless isRollup}}\\n\\","utility2-comment -->\\n\\","<script src=\"assets.utility2.rollup.js\"></script>\\n\\","<script src=\"jsonp.utility2._stateInit?callback=window.utility2._stateInit\"></script>\\n\\","<script src=\"assets.npmtest_opencv.rollup.js\"></script>\\n\\","<script src=\"assets.example.js\"></script>\\n\\","<script src=\"assets.test.js\"></script>\\n\\","<!-- utility2-comment\\n\\","{{/if isRollup}}\\n\\","utility2-comment -->\\n\\","<div class=\"utility2FooterDiv\">\\n\\","    [ this app was created with\\n\\","    <a href=\"https://github.com/kaizhu256/node-utility2\" target=\"_blank\">utility2</a>\\n\\","    ]\\n\\","</div>\\n\\","</body>\\n\\","</html>\\n\\","';","        /* jslint-ignore-end */","        if (local.templateRender) {","            local.assetsDict['/'] = local.templateRender(","                local.assetsDict['/assets.index.template.html'],","                {","                    env: local.objectSetDefault(local.env, {","                        npm_package_description: 'the greatest app in the world!',","                        npm_package_name: 'my-app',","                        npm_package_nameAlias: 'my_app',","                        npm_package_version: '0.0.1'","                    })","                }","            );","        } else {","            local.assetsDict['/'] = local.assetsDict['/assets.index.template.html']","                .replace((/\\{\\{env\\.(\\w+?)\\}\\}/g), function (match0, match1) {","                    // jslint-hack","                    String(match0);","                    switch (match1) {","                    case 'npm_package_description':","                        return 'the greatest app in the world!';","                    case 'npm_package_name':","                        return 'my-app';","                    case 'npm_package_nameAlias':","                        return 'my_app';","                    case 'npm_package_version':","                        return '0.0.1';","                    }","                });","        }","        // run the cli","        if (local.global.utility2_rollup || module !== require.main) {","            break;","        }","        local.assetsDict['/assets.example.js'] =","            local.assetsDict['/assets.example.js'] ||","            local.fs.readFileSync(__filename, 'utf8');","        // bug-workaround - long $npm_package_buildCustomOrg","        /* jslint-ignore-begin */","        local.assetsDict['/assets.npmtest_opencv.rollup.js'] =","            local.assetsDict['/assets.npmtest_opencv.rollup.js'] ||","            local.fs.readFileSync(","                local.npmtest_opencv.__dirname + '/lib.npmtest_opencv.js',","                'utf8'","            ).replace((/^#!/), '//');","        /* jslint-ignore-end */","        local.assetsDict['/favicon.ico'] = local.assetsDict['/favicon.ico'] || '';","        // if $npm_config_timeout_exit exists,","        // then exit this process after $npm_config_timeout_exit ms","        if (Number(process.env.npm_config_timeout_exit)) {","            setTimeout(process.exit, Number(process.env.npm_config_timeout_exit));","        }","        // start server","        if (local.global.utility2_serverHttp1) {","            break;","        }","        process.env.PORT = process.env.PORT || '8081';","        console.error('server starting on port ' + process.env.PORT);","        local.http.createServer(function (request, response) {","            request.urlParsed = local.url.parse(request.url);","            if (local.assetsDict[request.urlParsed.pathname] !== undefined) {","                response.end(local.assetsDict[request.urlParsed.pathname]);","                return;","            }","            response.statusCode = 404;","            response.end();","        }).listen(process.env.PORT);","        break;","    }","}());",""],"l":{"26":2,"28":2,"33":2,"35":2,"37":2,"38":2,"39":2,"44":1,"51":2,"55":2,"59":2,"61":2,"69":1,"70":2,"76":2,"79":2,"82":2,"83":2,"85":1,"89":2,"92":1,"93":1,"94":1,"96":1,"97":1,"100":1,"101":1,"103":1,"106":1,"108":2,"114":1,"116":1,"118":1,"123":1,"124":2,"125":2,"126":3,"127":3,"128":3,"129":3,"130":1,"133":3,"134":3,"139":3,"143":1,"144":3,"145":1,"149":1,"150":1,"158":1,"160":1,"161":1,"162":1,"164":1,"166":1,"258":1,"259":1,"271":1,"274":6,"275":6,"277":1,"279":2,"281":1,"283":2,"288":1,"289":1,"291":1,"296":1,"303":1,"306":1,"307":1,"310":1,"311":1,"313":1,"314":1,"315":1,"316":1,"317":1,"318":1,"319":1,"321":1,"322":1,"324":1}},"/home/travis/build/npmtest/node-npmtest-opencv/node_modules/opencv/lib/opencv.js":{"path":"/home/travis/build/npmtest/node-npmtest-opencv/node_modules/opencv/lib/opencv.js","s":{"1":6,"2":0,"3":0,"4":0,"5":0,"6":0,"7":0,"8":0,"9":0,"10":0,"11":0,"12":0,"13":0,"14":0,"15":0,"16":0,"17":0,"18":0,"19":0,"20":0,"21":0,"22":0,"23":0,"24":0,"25":0,"26":0,"27":0,"28":0,"29":0,"30":0,"31":0,"32":0,"33":0,"34":0,"35":0,"36":0,"37":0,"38":0,"39":0,"40":0,"41":0,"42":0,"43":0,"44":0,"45":0,"46":0,"47":0,"48":0,"49":0,"50":0,"51":0,"52":0,"53":0,"54":0,"55":0,"56":0,"57":0,"58":0,"59":0,"60":0,"61":0,"62":0,"63":0,"64":0,"65":0,"66":0,"67":0,"68":0,"69":0,"70":0,"71":0,"72":0,"73":0,"74":0,"75":0,"76":0,"77":0,"78":0},"b":{"1":[0,0],"2":[0,0],"3":[0,0],"4":[0,0],"5":[0,0],"6":[0,0],"7":[0,0],"8":[0,0],"9":[0,0],"10":[0,0],"11":[0,0],"12":[0,0],"13":[0,0],"14":[0,0],"15":[0,0],"16":[0,0]},"f":{"1":0,"2":0,"3":0,"4":0,"5":0,"6":0,"7":0,"8":0,"9":0,"10":0,"11":0,"12":0,"13":0,"14":0,"15":0,"16":0,"17":0,"18":0,"19":0,"20":0},"fnMap":{"1":{"name":"(anonymous_1)","line":16,"loc":{"start":{"line":16,"column":32},"end":{"line":16,"column":62}}},"2":{"name":"(anonymous_2)","line":31,"loc":{"start":{"line":31,"column":27},"end":{"line":31,"column":37}}},"3":{"name":"(anonymous_3)","line":37,"loc":{"start":{"line":37,"column":31},"end":{"line":37,"column":41}}},"4":{"name":"(anonymous_4)","line":43,"loc":{"start":{"line":43,"column":30},"end":{"line":43,"column":43}}},"5":{"name":"(anonymous_5)","line":45,"loc":{"start":{"line":45,"column":20},"end":{"line":45,"column":41}}},"6":{"name":"(anonymous_6)","line":52,"loc":{"start":{"line":52,"column":39},"end":{"line":52,"column":49}}},"7":{"name":"(anonymous_7)","line":59,"loc":{"start":{"line":59,"column":34},"end":{"line":59,"column":47}}},"8":{"name":"(anonymous_8)","line":65,"loc":{"start":{"line":65,"column":32},"end":{"line":65,"column":43}}},"9":{"name":"(anonymous_9)","line":70,"loc":{"start":{"line":70,"column":20},"end":{"line":70,"column":37}}},"10":{"name":"(anonymous_10)","line":77,"loc":{"start":{"line":77,"column":51},"end":{"line":77,"column":74}}},"11":{"name":"(anonymous_11)","line":86,"loc":{"start":{"line":86,"column":40},"end":{"line":86,"column":51}}},"12":{"name":"(anonymous_12)","line":88,"loc":{"start":{"line":88,"column":38},"end":{"line":88,"column":57}}},"13":{"name":"(anonymous_13)","line":99,"loc":{"start":{"line":99,"column":31},"end":{"line":99,"column":44}}},"14":{"name":"(anonymous_14)","line":108,"loc":{"start":{"line":108,"column":29},"end":{"line":108,"column":39}}},"15":{"name":"(anonymous_15)","line":110,"loc":{"start":{"line":110,"column":14},"end":{"line":110,"column":24}}},"16":{"name":"(anonymous_16)","line":111,"loc":{"start":{"line":111,"column":20},"end":{"line":111,"column":38}}},"17":{"name":"(anonymous_17)","line":122,"loc":{"start":{"line":122,"column":30},"end":{"line":122,"column":40}}},"18":{"name":"(anonymous_18)","line":127,"loc":{"start":{"line":127,"column":31},"end":{"line":127,"column":41}}},"19":{"name":"(anonymous_19)","line":133,"loc":{"start":{"line":133,"column":34},"end":{"line":133,"column":44}}},"20":{"name":"(anonymous_20)","line":148,"loc":{"start":{"line":148,"column":30},"end":{"line":148,"column":41}}}},"statementMap":{"1":{"start":{"line":1,"column":0},"end":{"line":4,"column":27}},"2":{"start":{"line":6,"column":0},"end":{"line":6,"column":48}},"3":{"start":{"line":8,"column":0},"end":{"line":13,"column":16}},"4":{"start":{"line":16,"column":0},"end":{"line":28,"column":1}},"5":{"start":{"line":17,"column":2},"end":{"line":17,"column":19}},"6":{"start":{"line":18,"column":2},"end":{"line":18,"column":20}},"7":{"start":{"line":19,"column":2},"end":{"line":19,"column":66}},"8":{"start":{"line":21,"column":2},"end":{"line":24,"column":3}},"9":{"start":{"line":22,"column":4},"end":{"line":22,"column":56}},"10":{"start":{"line":23,"column":4},"end":{"line":23,"column":59}},"11":{"start":{"line":26,"column":2},"end":{"line":27,"column":56}},"12":{"start":{"line":31,"column":0},"end":{"line":34,"column":1}},"13":{"start":{"line":32,"column":2},"end":{"line":32,"column":41}},"14":{"start":{"line":33,"column":2},"end":{"line":33,"column":35}},"15":{"start":{"line":37,"column":0},"end":{"line":39,"column":1}},"16":{"start":{"line":38,"column":2},"end":{"line":38,"column":23}},"17":{"start":{"line":40,"column":0},"end":{"line":40,"column":35}},"18":{"start":{"line":43,"column":0},"end":{"line":49,"column":1}},"19":{"start":{"line":44,"column":2},"end":{"line":44,"column":18}},"20":{"start":{"line":45,"column":2},"end":{"line":48,"column":5}},"21":{"start":{"line":46,"column":4},"end":{"line":46,"column":44}},"22":{"start":{"line":46,"column":13},"end":{"line":46,"column":44}},"23":{"start":{"line":47,"column":4},"end":{"line":47,"column":30}},"24":{"start":{"line":52,"column":0},"end":{"line":55,"column":1}},"25":{"start":{"line":53,"column":2},"end":{"line":53,"column":26}},"26":{"start":{"line":54,"column":2},"end":{"line":54,"column":23}},"27":{"start":{"line":56,"column":0},"end":{"line":56,"column":39}},"28":{"start":{"line":59,"column":0},"end":{"line":62,"column":1}},"29":{"start":{"line":60,"column":2},"end":{"line":60,"column":22}},"30":{"start":{"line":61,"column":2},"end":{"line":61,"column":14}},"31":{"start":{"line":65,"column":0},"end":{"line":74,"column":1}},"32":{"start":{"line":66,"column":2},"end":{"line":66,"column":18}},"33":{"start":{"line":67,"column":2},"end":{"line":67,"column":51}},"34":{"start":{"line":67,"column":9},"end":{"line":67,"column":51}},"35":{"start":{"line":69,"column":2},"end":{"line":69,"column":33}},"36":{"start":{"line":70,"column":2},"end":{"line":73,"column":5}},"37":{"start":{"line":71,"column":4},"end":{"line":71,"column":44}},"38":{"start":{"line":71,"column":13},"end":{"line":71,"column":44}},"39":{"start":{"line":72,"column":4},"end":{"line":72,"column":26}},"40":{"start":{"line":77,"column":0},"end":{"line":82,"column":1}},"41":{"start":{"line":78,"column":2},"end":{"line":78,"column":54}},"42":{"start":{"line":79,"column":2},"end":{"line":79,"column":25}},"43":{"start":{"line":80,"column":2},"end":{"line":80,"column":23}},"44":{"start":{"line":81,"column":2},"end":{"line":81,"column":23}},"45":{"start":{"line":83,"column":0},"end":{"line":83,"column":45}},"46":{"start":{"line":86,"column":0},"end":{"line":96,"column":1}},"47":{"start":{"line":87,"column":2},"end":{"line":87,"column":18}},"48":{"start":{"line":88,"column":2},"end":{"line":95,"column":39}},"49":{"start":{"line":89,"column":4},"end":{"line":89,"column":44}},"50":{"start":{"line":89,"column":13},"end":{"line":89,"column":44}},"51":{"start":{"line":90,"column":4},"end":{"line":90,"column":31}},"52":{"start":{"line":99,"column":0},"end":{"line":104,"column":1}},"53":{"start":{"line":100,"column":2},"end":{"line":100,"column":66}},"54":{"start":{"line":100,"column":38},"end":{"line":100,"column":66}},"55":{"start":{"line":101,"column":2},"end":{"line":101,"column":19}},"56":{"start":{"line":102,"column":2},"end":{"line":102,"column":23}},"57":{"start":{"line":103,"column":2},"end":{"line":103,"column":22}},"58":{"start":{"line":105,"column":0},"end":{"line":105,"column":35}},"59":{"start":{"line":108,"column":0},"end":{"line":119,"column":1}},"60":{"start":{"line":109,"column":2},"end":{"line":109,"column":18}},"61":{"start":{"line":110,"column":2},"end":{"line":116,"column":3}},"62":{"start":{"line":111,"column":4},"end":{"line":115,"column":6}},"63":{"start":{"line":112,"column":6},"end":{"line":112,"column":46}},"64":{"start":{"line":112,"column":15},"end":{"line":112,"column":46}},"65":{"start":{"line":113,"column":6},"end":{"line":113,"column":29}},"66":{"start":{"line":114,"column":6},"end":{"line":114,"column":48}},"67":{"start":{"line":114,"column":24},"end":{"line":114,"column":48}},"68":{"start":{"line":118,"column":2},"end":{"line":118,"column":10}},"69":{"start":{"line":122,"column":0},"end":{"line":124,"column":1}},"70":{"start":{"line":123,"column":2},"end":{"line":123,"column":21}},"71":{"start":{"line":127,"column":0},"end":{"line":130,"column":1}},"72":{"start":{"line":128,"column":2},"end":{"line":128,"column":22}},"73":{"start":{"line":129,"column":2},"end":{"line":129,"column":14}},"74":{"start":{"line":133,"column":0},"end":{"line":135,"column":1}},"75":{"start":{"line":134,"column":2},"end":{"line":134,"column":31}},"76":{"start":{"line":140,"column":0},"end":{"line":146,"column":1}},"77":{"start":{"line":148,"column":0},"end":{"line":150,"column":2}},"78":{"start":{"line":149,"column":2},"end":{"line":149,"column":57}}},"branchMap":{"1":{"line":18,"type":"binary-expr","locations":[{"start":{"line":18,"column":9},"end":{"line":18,"column":13}},{"start":{"line":18,"column":17},"end":{"line":18,"column":19}}]},"2":{"line":19,"type":"binary-expr","locations":[{"start":{"line":19,"column":32},"end":{"line":19,"column":59}},{"start":{"line":19,"column":63},"end":{"line":19,"column":65}}]},"3":{"line":21,"type":"if","locations":[{"start":{"line":21,"column":2},"end":{"line":21,"column":2}},{"start":{"line":21,"column":2},"end":{"line":21,"column":2}}]},"4":{"line":27,"type":"binary-expr","locations":[{"start":{"line":27,"column":6},"end":{"line":27,"column":14}},{"start":{"line":27,"column":18},"end":{"line":27,"column":29}}]},"5":{"line":27,"type":"binary-expr","locations":[{"start":{"line":27,"column":31},"end":{"line":27,"column":39}},{"start":{"line":27,"column":43},"end":{"line":27,"column":54}}]},"6":{"line":32,"type":"binary-expr","locations":[{"start":{"line":32,"column":14},"end":{"line":32,"column":25}},{"start":{"line":32,"column":27},"end":{"line":32,"column":29}}]},"7":{"line":46,"type":"if","locations":[{"start":{"line":46,"column":4},"end":{"line":46,"column":4}},{"start":{"line":46,"column":4},"end":{"line":46,"column":4}}]},"8":{"line":67,"type":"if","locations":[{"start":{"line":67,"column":2},"end":{"line":67,"column":2}},{"start":{"line":67,"column":2},"end":{"line":67,"column":2}}]},"9":{"line":71,"type":"if","locations":[{"start":{"line":71,"column":4},"end":{"line":71,"column":4}},{"start":{"line":71,"column":4},"end":{"line":71,"column":4}}]},"10":{"line":79,"type":"binary-expr","locations":[{"start":{"line":79,"column":14},"end":{"line":79,"column":18}},{"start":{"line":79,"column":22},"end":{"line":79,"column":24}}]},"11":{"line":89,"type":"if","locations":[{"start":{"line":89,"column":4},"end":{"line":89,"column":4}},{"start":{"line":89,"column":4},"end":{"line":89,"column":4}}]},"12":{"line":94,"type":"binary-expr","locations":[{"start":{"line":94,"column":4},"end":{"line":94,"column":17}},{"start":{"line":94,"column":21},"end":{"line":94,"column":37}}]},"13":{"line":95,"type":"binary-expr","locations":[{"start":{"line":95,"column":4},"end":{"line":95,"column":17}},{"start":{"line":95,"column":21},"end":{"line":95,"column":37}}]},"14":{"line":100,"type":"if","locations":[{"start":{"line":100,"column":2},"end":{"line":100,"column":2}},{"start":{"line":100,"column":2},"end":{"line":100,"column":2}}]},"15":{"line":112,"type":"if","locations":[{"start":{"line":112,"column":6},"end":{"line":112,"column":6}},{"start":{"line":112,"column":6},"end":{"line":112,"column":6}}]},"16":{"line":114,"type":"if","locations":[{"start":{"line":114,"column":6},"end":{"line":114,"column":6}},{"start":{"line":114,"column":6},"end":{"line":114,"column":6}}]}},"code":["var Stream = require('stream').Stream","  , Buffers = require('buffers')","  , util = require('util')","  , path = require('path');","","var cv = module.exports = require('./bindings');","","var Matrix = cv.Matrix","  , VideoCapture = cv.VideoCapture","  , ImageStream","  , ImageDataStream","  , ObjectDetectionStream","  , VideoStream;","","","Matrix.prototype.detectObject = function(classifier, opts, cb){","  var face_cascade;","  opts = opts || {};","  cv._detectObjectClassifiers = cv._detectObjectClassifiers || {};","","  if (!(face_cascade = cv._detectObjectClassifiers[classifier])){","    face_cascade = new cv.CascadeClassifier(classifier);","    cv._detectObjectClassifiers[classifier] = face_cascade;","  }","","  face_cascade.detectMultiScale(this, cb, opts.scale, opts.neighbors","    , opts.min && opts.min[0], opts.min && opts.min[1]);","}","","","Matrix.prototype.inspect = function(){","  var size = (this.size()||[]).join('x');","  return \"[ Matrix \" + size + \" ]\";","}","","","ImageStream = cv.ImageStream = function(){","  this.writable = true;","}","util.inherits(ImageStream, Stream);","","","ImageStream.prototype.write = function(buf){","  var self = this;","  cv.readImage(buf, function(err, matrix){","    if (err) return self.emit('error', err);","    self.emit('data', matrix);","  });","}","","","ImageDataStream = cv.ImageDataStream = function(){","  this.data = Buffers([]);","  this.writable = true;","}","util.inherits(ImageDataStream, Stream);","","","ImageDataStream.prototype.write = function(buf){","  this.data.push(buf);","  return true;","}","","","ImageDataStream.prototype.end = function(b){","  var self = this;","  if (b) ImageStream.prototype.write.call(this, b);","","  var buf = this.data.toBuffer();","  cv.readImage(buf, function(err, im){","    if (err) return self.emit('error', err);","    self.emit('load', im);","  });","}","","","ObjectDetectionStream = cv.ObjectDetectionStream = function(cascade, opts){","  this.classifier = new cv.CascadeClassifier(cascade);","  this.opts = opts || {};","  this.readable = true;","  this.writable = true;","}","util.inherits(ObjectDetectionStream, Stream);","","","ObjectDetectionStream.prototype.write = function(m){","  var self = this;","  this.classifier.detectMultiScale(m, function(err, objs){","    if (err) return self.emit('error', err);","    self.emit('data', objs, m);","  }","  , this.opts.scale","  , this.opts.neighbors","  , this.opts.min && this.opts.min[0]","  , this.opts.min && this.opts.min[1]);","}","","","VideoStream = cv.VideoStream = function(src){","  if (!(src instanceof VideoCapture)) src = new VideoCapture(src);","  this.video = src;","  this.readable = true;","  this.paused = false;","}","util.inherits(VideoStream, Stream);","","","VideoStream.prototype.read = function(){","  var self = this;","  var frame = function(){","    self.video.read(function(err, mat){","      if (err) return self.emit('error', err);","      self.emit('data', mat);","      if (!self.paused) process.nextTick(frame);","    })","  }","","  frame();","}","","","VideoStream.prototype.pause = function(){","  this.paused = true;","}","","","VideoStream.prototype.resume = function(){","  this.paused = false;","  this.read();","}","","","VideoCapture.prototype.toStream = function(){","  return new VideoStream(this);","}","","","","// Provide cascade data for faces etc.","var CASCADES = {","  FACE_CASCADE: 'haarcascade_frontalface_alt.xml'",", EYE_CASCADE: 'haarcascade_eye.xml'",", EYEGLASSES_CASCADE: 'haarcascade_eye_tree_eyeglasses.xml'",", FULLBODY_CASCADE: 'haarcascade_fullbody.xml'",", CAR_SIDE_CASCADE: 'hogcascade_cars_sideview.xml'","}","","Object.keys(CASCADES).forEach(function(k){","  cv[k] = path.resolve(__dirname, '../data', CASCADES[k])","})","","","",""],"l":{"1":6,"6":0,"8":0,"16":0,"17":0,"18":0,"19":0,"21":0,"22":0,"23":0,"26":0,"31":0,"32":0,"33":0,"37":0,"38":0,"40":0,"43":0,"44":0,"45":0,"46":0,"47":0,"52":0,"53":0,"54":0,"56":0,"59":0,"60":0,"61":0,"65":0,"66":0,"67":0,"69":0,"70":0,"71":0,"72":0,"77":0,"78":0,"79":0,"80":0,"81":0,"83":0,"86":0,"87":0,"88":0,"89":0,"90":0,"99":0,"100":0,"101":0,"102":0,"103":0,"105":0,"108":0,"109":0,"110":0,"111":0,"112":0,"113":0,"114":0,"118":0,"122":0,"123":0,"127":0,"128":0,"129":0,"133":0,"134":0,"140":0,"148":0,"149":0}},"/home/travis/build/npmtest/node-npmtest-opencv/node_modules/opencv/include_dirs.js":{"path":"/home/travis/build/npmtest/node-npmtest-opencv/node_modules/opencv/include_dirs.js","s":{"1":1,"2":1},"b":{},"f":{},"fnMap":{},"statementMap":{"1":{"start":{"line":13,"column":0},"end":{"line":13,"column":27}},"2":{"start":{"line":14,"column":0},"end":{"line":14,"column":61}}},"branchMap":{},"code":["// Outputs the path to public node-opencv header files.  This is used when","// building other native node modules that require access to the","// node-opencv Matrix base class.","//","// To use this file, add something like the following to your binding.gyp:","//","//      \"include_dirs\": [","//        \"<!@(pkg-config --cflags opencv)\",","//        \"<!(node -e \\\"require('nan')\\\")\",","//        \"<!(node -e \\\"require('opencv/include_dirs')\\\")\"","//      ],","//","var path = require('path');","console.log(path.relative('.', path.join(__dirname, 'inc')));",""],"l":{"13":1,"14":1}},"/home/travis/build/npmtest/node-npmtest-opencv/node_modules/opencv/lib/bindings.js":{"path":"/home/travis/build/npmtest/node-npmtest-opencv/node_modules/opencv/lib/bindings.js","s":{"1":2,"2":2,"3":2,"4":2,"5":0},"b":{},"f":{},"fnMap":{},"statementMap":{"1":{"start":{"line":1,"column":0},"end":{"line":1,"column":37}},"2":{"start":{"line":2,"column":0},"end":{"line":2,"column":27}},"3":{"start":{"line":3,"column":0},"end":{"line":3,"column":117}},"4":{"start":{"line":4,"column":0},"end":{"line":4,"column":36}},"5":{"start":{"line":7,"column":0},"end":{"line":7,"column":25}}},"branchMap":{},"code":["var binary = require('node-pre-gyp');","var path = require('path');","var binding_path = binary.find(path.resolve(path.join(__dirname,'../package.json')), { debug: !!process.env.DEBUG });","var binding = require(binding_path);","","//module.exports = require('../build/Release/opencv.node');","module.exports = binding;",""],"l":{"1":2,"2":2,"3":2,"4":2,"7":0}},"/home/travis/build/npmtest/node-npmtest-opencv/node_modules/opencv/node_modules/node-pre-gyp/lib/node-pre-gyp.js":{"path":"/home/travis/build/npmtest/node-npmtest-opencv/node_modules/opencv/node_modules/node-pre-gyp/lib/node-pre-gyp.js","s":{"1":1,"2":1,"3":1,"4":1,"5":1,"6":1,"7":1,"8":1,"9":1,"10":1,"11":1,"12":0,"13":0,"14":0,"15":0,"16":0,"17":0,"18":1,"19":1,"20":1,"21":1,"22":1,"23":1,"24":1,"25":1,"26":0,"27":0,"28":0,"29":0,"30":0,"31":0,"32":0,"33":0,"34":0,"35":0,"36":0,"37":0,"38":0,"39":0,"40":0,"41":0,"42":0,"43":0,"44":0,"45":0,"46":0,"47":0,"48":0,"49":0,"50":0,"51":0,"52":0,"53":0,"54":0,"55":0,"56":0,"57":1,"58":0,"59":0,"60":0,"61":1,"62":0},"b":{"1":[0,0],"2":[0,0],"3":[0,0],"4":[0,0],"5":[0,0],"6":[0,0],"7":[0,0],"8":[0,0],"9":[0,0,0],"10":[0,0]},"f":{"1":0,"2":0,"3":0,"4":0,"5":0,"6":0,"7":0,"8":0,"9":0,"10":0},"fnMap":{"1":{"name":"Run","line":40,"loc":{"start":{"line":40,"column":0},"end":{"line":40,"column":15}}},"2":{"name":"(anonymous_2)","line":45,"loc":{"start":{"line":45,"column":19},"end":{"line":45,"column":38}}},"3":{"name":"(anonymous_3)","line":46,"loc":{"start":{"line":46,"column":29},"end":{"line":46,"column":55}}},"4":{"name":"parseOpts","line":100,"loc":{"start":{"line":100,"column":18},"end":{"line":100,"column":44}}},"5":{"name":"(anonymous_5)","line":106,"loc":{"start":{"line":106,"column":23},"end":{"line":106,"column":38}}},"6":{"name":"(anonymous_6)","line":115,"loc":{"start":{"line":115,"column":23},"end":{"line":115,"column":38}}},"7":{"name":"(anonymous_7)","line":131,"loc":{"start":{"line":131,"column":35},"end":{"line":131,"column":51}}},"8":{"name":"usage","line":166,"loc":{"start":{"line":166,"column":14},"end":{"line":166,"column":32}}},"9":{"name":"(anonymous_9)","line":172,"loc":{"start":{"line":172,"column":19},"end":{"line":172,"column":32}}},"10":{"name":"(anonymous_10)","line":187,"loc":{"start":{"line":187,"column":9},"end":{"line":187,"column":21}}}},"statementMap":{"1":{"start":{"line":7,"column":0},"end":{"line":7,"column":25}},"2":{"start":{"line":13,"column":0},"end":{"line":13,"column":27}},"3":{"start":{"line":14,"column":0},"end":{"line":14,"column":27}},"4":{"start":{"line":15,"column":0},"end":{"line":15,"column":28}},"5":{"start":{"line":16,"column":0},"end":{"line":16,"column":40}},"6":{"start":{"line":17,"column":0},"end":{"line":17,"column":40}},"7":{"start":{"line":18,"column":0},"end":{"line":32,"column":6}},"8":{"start":{"line":33,"column":0},"end":{"line":33,"column":17}},"9":{"start":{"line":36,"column":0},"end":{"line":36,"column":29}},"10":{"start":{"line":38,"column":0},"end":{"line":38,"column":45}},"11":{"start":{"line":40,"column":0},"end":{"line":51,"column":1}},"12":{"start":{"line":41,"column":2},"end":{"line":41,"column":18}},"13":{"start":{"line":43,"column":2},"end":{"line":43,"column":21}},"14":{"start":{"line":45,"column":2},"end":{"line":50,"column":5}},"15":{"start":{"line":46,"column":4},"end":{"line":49,"column":6}},"16":{"start":{"line":47,"column":6},"end":{"line":47,"column":44}},"17":{"start":{"line":48,"column":6},"end":{"line":48,"column":59}},"18":{"start":{"line":52,"column":0},"end":{"line":52,"column":18}},"19":{"start":{"line":53,"column":0},"end":{"line":53,"column":18}},"20":{"start":{"line":54,"column":0},"end":{"line":54,"column":26}},"21":{"start":{"line":60,"column":0},"end":{"line":60,"column":38}},"22":{"start":{"line":66,"column":0},"end":{"line":73,"column":2}},"23":{"start":{"line":79,"column":0},"end":{"line":87,"column":2}},"24":{"start":{"line":93,"column":0},"end":{"line":93,"column":24}},"25":{"start":{"line":100,"column":0},"end":{"line":160,"column":2}},"26":{"start":{"line":101,"column":2},"end":{"line":101,"column":59}},"27":{"start":{"line":102,"column":2},"end":{"line":102,"column":44}},"28":{"start":{"line":103,"column":2},"end":{"line":103,"column":32}},"29":{"start":{"line":106,"column":2},"end":{"line":112,"column":11}},"30":{"start":{"line":108,"column":4},"end":{"line":110,"column":5}},"31":{"start":{"line":109,"column":6},"end":{"line":109,"column":30}},"32":{"start":{"line":111,"column":4},"end":{"line":111,"column":15}},"33":{"start":{"line":115,"column":2},"end":{"line":124,"column":11}},"34":{"start":{"line":116,"column":4},"end":{"line":123,"column":5}},"35":{"start":{"line":117,"column":6},"end":{"line":117,"column":51}},"36":{"start":{"line":118,"column":6},"end":{"line":118,"column":19}},"37":{"start":{"line":119,"column":6},"end":{"line":121,"column":7}},"38":{"start":{"line":120,"column":8},"end":{"line":120,"column":50}},"39":{"start":{"line":122,"column":6},"end":{"line":122,"column":45}},"40":{"start":{"line":125,"column":2},"end":{"line":127,"column":3}},"41":{"start":{"line":126,"column":4},"end":{"line":126,"column":56}},"42":{"start":{"line":130,"column":2},"end":{"line":130,"column":40}},"43":{"start":{"line":131,"column":2},"end":{"line":154,"column":11}},"44":{"start":{"line":132,"column":4},"end":{"line":132,"column":54}},"45":{"start":{"line":132,"column":47},"end":{"line":132,"column":54}},"46":{"start":{"line":133,"column":4},"end":{"line":133,"column":32}},"47":{"start":{"line":134,"column":4},"end":{"line":153,"column":5}},"48":{"start":{"line":135,"column":6},"end":{"line":135,"column":22}},"49":{"start":{"line":138,"column":6},"end":{"line":138,"column":54}},"50":{"start":{"line":142,"column":6},"end":{"line":152,"column":7}},"51":{"start":{"line":143,"column":9},"end":{"line":149,"column":10}},"52":{"start":{"line":148,"column":12},"end":{"line":148,"column":34}},"53":{"start":{"line":151,"column":8},"end":{"line":151,"column":30}},"54":{"start":{"line":156,"column":2},"end":{"line":158,"column":3}},"55":{"start":{"line":157,"column":4},"end":{"line":157,"column":35}},"56":{"start":{"line":159,"column":2},"end":{"line":159,"column":15}},"57":{"start":{"line":166,"column":0},"end":{"line":180,"column":2}},"58":{"start":{"line":167,"column":2},"end":{"line":178,"column":15}},"59":{"start":{"line":173,"column":8},"end":{"line":173,"column":62}},"60":{"start":{"line":179,"column":2},"end":{"line":179,"column":13}},"61":{"start":{"line":186,"column":0},"end":{"line":191,"column":3}},"62":{"start":{"line":188,"column":6},"end":{"line":188,"column":34}}},"branchMap":{"1":{"line":108,"type":"if","locations":[{"start":{"line":108,"column":4},"end":{"line":108,"column":4}},{"start":{"line":108,"column":4},"end":{"line":108,"column":4}}]},"2":{"line":116,"type":"if","locations":[{"start":{"line":116,"column":4},"end":{"line":116,"column":4}},{"start":{"line":116,"column":4},"end":{"line":116,"column":4}}]},"3":{"line":119,"type":"if","locations":[{"start":{"line":119,"column":6},"end":{"line":119,"column":6}},{"start":{"line":119,"column":6},"end":{"line":119,"column":6}}]},"4":{"line":125,"type":"if","locations":[{"start":{"line":125,"column":2},"end":{"line":125,"column":2}},{"start":{"line":125,"column":2},"end":{"line":125,"column":2}}]},"5":{"line":132,"type":"if","locations":[{"start":{"line":132,"column":4},"end":{"line":132,"column":4}},{"start":{"line":132,"column":4},"end":{"line":132,"column":4}}]},"6":{"line":134,"type":"if","locations":[{"start":{"line":134,"column":4},"end":{"line":134,"column":4}},{"start":{"line":134,"column":4},"end":{"line":134,"column":4}}]},"7":{"line":142,"type":"if","locations":[{"start":{"line":142,"column":6},"end":{"line":142,"column":6}},{"start":{"line":142,"column":6},"end":{"line":142,"column":6}}]},"8":{"line":143,"type":"if","locations":[{"start":{"line":143,"column":9},"end":{"line":143,"column":9}},{"start":{"line":143,"column":9},"end":{"line":143,"column":9}}]},"9":{"line":143,"type":"binary-expr","locations":[{"start":{"line":143,"column":13},"end":{"line":143,"column":27}},{"start":{"line":144,"column":13},"end":{"line":144,"column":34}},{"start":{"line":145,"column":13},"end":{"line":145,"column":41}}]},"10":{"line":156,"type":"if","locations":[{"start":{"line":156,"column":2},"end":{"line":156,"column":2}},{"start":{"line":156,"column":2},"end":{"line":156,"column":2}}]}},"code":["\"use strict\";","","/**"," * Module exports."," */","","module.exports = exports;","","/**"," * Module dependencies."," */","","var path = require('path');","var nopt = require('nopt');","var log = require('npmlog');","var EE = require('events').EventEmitter;","var inherits = require('util').inherits;","var commands = [","      'clean',","      'install',","      'reinstall',","      'build',","      'rebuild',","      'package',","      'testpackage',","      'publish',","      'unpublish',","      'info',","      'testbinary',","      'reveal',","      'configure'","    ];","var aliases = {};","","// differentiate node-pre-gyp's logs from npm's","log.heading = 'node-pre-gyp';","","exports.find = require('./pre-binding').find;","","function Run() {","  var self = this;","","  this.commands = {};","","  commands.forEach(function (command) {","    self.commands[command] = function (argv, callback) {","      log.verbose('command', command, argv);","      return require('./' + command)(self, argv, callback);","    };","  });","}","inherits(Run, EE);","exports.Run = Run;","var proto = Run.prototype;","","/**"," * Export the contents of the package.json."," */","","proto.package = require('../package');","","/**"," * nopt configuration definitions"," */","","proto.configDefs = {","    help: Boolean,     // everywhere","    arch: String,      // 'configure'","    debug: Boolean,    // 'build'","    directory: String, // bin","    proxy: String,     // 'install'","    loglevel: String,  // everywhere","};","","/**"," * nopt shorthands"," */","","proto.shorthands = {","    release: '--no-debug',","    C: '--directory',","    debug: '--debug',","    j: '--jobs',","    silent: '--loglevel=silent',","    silly: '--loglevel=silly',","    verbose: '--loglevel=verbose',","};","","/**"," * expose the command aliases for the bin file to use."," */","","proto.aliases = aliases;","","/**"," * Parses the given argv array and sets the 'opts',"," * 'argv' and 'command' properties."," */","","proto.parseArgv = function parseOpts (argv) {","  this.opts = nopt(this.configDefs, this.shorthands, argv);","  this.argv = this.opts.argv.remain.slice();","  var commands = this.todo = [];","","  // create a copy of the argv array with aliases mapped","  argv = this.argv.map(function (arg) {","    // is this an alias?","    if (arg in this.aliases) {","      arg = this.aliases[arg];","    }","    return arg;","  }, this);","","  // process the mapped args into \"command\" objects (\"name\" and \"args\" props)","  argv.slice().forEach(function (arg) {","    if (arg in this.commands) {","      var args = argv.splice(0, argv.indexOf(arg));","      argv.shift();","      if (commands.length > 0) {","        commands[commands.length - 1].args = args;","      }","      commands.push({ name: arg, args: [] });","    }","  }, this);","  if (commands.length > 0) {","    commands[commands.length - 1].args = argv.splice(0);","  }","","  // support for inheriting config env variables from npm","  var npm_config_prefix = 'npm_config_';","  Object.keys(process.env).forEach(function (name) {","    if (name.indexOf(npm_config_prefix) !== 0) return;","    var val = process.env[name];","    if (name === npm_config_prefix + 'loglevel') {","      log.level = val;","    } else {","      // add the user-defined options to the config","      name = name.substring(npm_config_prefix.length);","      // avoid npm argv clobber already present args","      // which avoids problem of 'npm test' calling","      // script that runs unique npm install commands","      if (name === 'argv') {","         if (this.opts.argv &&","             this.opts.argv.remain &&","             this.opts.argv.remain.length) {","            // do nothing","         } else {","            this.opts[name] = val;","         }","      } else {","        this.opts[name] = val;","      }","    }","  }, this);","","  if (this.opts.loglevel) {","    log.level = this.opts.loglevel;","  }","  log.resume();","};","","/**"," * Returns the usage instructions for node-pre-gyp."," */","","proto.usage = function usage () {","  var str = [","      '',","      '  Usage: node-pre-gyp <command> [options]',","      '',","      '  where <command> is one of:',","      commands.map(function (c) {","        return ' 
[...]
i < this.set.length; i++) {","    if (testSet(this.set[i], version))","      return true;","  }","  return false;","};","","function testSet(set, version) {","  for (var i = 0; i < set.length; i++) {","    if (!set[i].test(version))","      return false;","  }","","  if (version.prerelease.length) {","    // Find the set of versions that are allowed to have prereleases","    // For example, ^1.2.3-pr.1 desugars to >=1.2.3-pr.1 <2.0.0","    // That should allow `1.2.3-pr.2` to pass.","    // However, `1.2.4-alpha.notready` should NOT be allowed,","    // even though it's within the range set by the comparators.","    for (var i = 0; i < set.length; i++) {","      debug(set[i].semver);","      if (set[i].semver === ANY)","        continue;","","      if (set[i].semver.prerelease.length > 0) {","        var allowed = set[i].semver;","        if (allowed.major === version.major &&","            allowed.minor === version.minor &&","            allowed.patch === version.patch)","          return true;","      }","    }","","    // Version has a -pre, but it's not one of the ones we like.","    return false;","  }","","  return true;","}","","exports.satisfies = satisfies;","function satisfies(version, range, loose) {","  try {","    range = new Range(range, loose);","  } catch (er) {","    return false;","  }","  return range.test(version);","}","","exports.maxSatisfying = maxSatisfying;","function maxSatisfying(versions, range, loose) {","  return versions.filter(function(version) {","    return satisfies(version, range, loose);","  }).sort(function(a, b) {","    return rcompare(a, b, loose);","  })[0] || null;","}","","exports.validRange = validRange;","function validRange(range, loose) {","  try {","    // Return '*' instead of '' so that truthiness works.","    // This will throw if it's invalid anyway","    return new Range(range, loose).range || '*';","  } catch (er) {","    return null;","  }","}","","// Determine if version is less than all the versions possible in the range","exports.ltr = ltr;","function ltr(version, range, loose) {","  return outside(version, range, '<', loose);","}","","// Determine if version is greater than all the versions possible in the range.","exports.gtr = gtr;","function gtr(version, range, loose) {","  return outside(version, range, '>', loose);","}","","exports.outside = outside;","function outside(version, range, hilo, loose) {","  version = new SemVer(version, loose);","  range = new Range(range, loose);","","  var gtfn, ltefn, ltfn, comp, ecomp;","  switch (hilo) {","    case '>':","      gtfn = gt;","      ltefn = lte;","      ltfn = lt;","      comp = '>';","      ecomp = '>=';","      break;","    case '<':","      gtfn = lt;","      ltefn = gte;","      ltfn = gt;","      comp = '<';","      ecomp = '<=';","      break;","    default:","      throw new TypeError('Must provide a hilo val of \"<\" or \">\"');","  }","","  // If it satisifes the range it is not outside","  if (satisfies(version, range, loose)) {","    return false;","  }","","  // From now on, variable terms are as if we're in \"gtr\" mode.","  // but note that everything is flipped for the \"ltr\" function.","","  for (var i = 0; i < range.set.length; ++i) {","    var comparators = range.set[i];","","    var high = null;","    var low = null;","","    comparators.forEach(function(comparator) {","      if (comparator.semver === ANY) {","        comparator = new Comparator('>=0.0.0')","      }","      high = high || comparator;","      low = low || comparator;","      if (gtfn(comparator.semver, high.semver, loose)) {","        high = comparator;","      } else if (ltfn(comparator.semver, low.semver, loose)) {","        low = comparator;","      }","    });","","    // If the edge version comparator has a operator then our version","    // isn't outside it","    if (high.operator === comp || high.operator === ecomp) {","      return false;","    }","","    // If the lowest version comparator has an operator and our version","    // is less than it then it isn't higher than the range","    if ((!low.operator || low.operator === comp) &&","        ltefn(version, low.semver)) {","      return false;","    } else if (low.operator === ecomp && ltfn(version, low.semver)) {","      return false;","    }","  }","  return true;","}",""],"l":{"1":1,"4":1,"5":1,"9":0,"10":0,"11":0,"12":0,"15":1,"19":1,"21":1,"22":1,"25":1,"26":1,"27":1,"35":1,"36":1,"37":1,"38":1,"45":1,"46":1,"52":1,"53":1,"57":1,"58":1,"65":1,"66":1,"69":1,"70":1,"78":1,"79":1,"82":1,"83":1,"89":1,"90":1,"96":1,"97":1,"110":1,"111":1,"115":1,"120":1,"124":1,"125":1,"127":1,"128":1,"133":1,"134":1,"135":1,"136":1,"138":1,"139":1,"146":1,"147":1,"154":1,"155":1,"156":1,"157":1,"161":1,"162":1,"164":1,"165":1,"166":1,"167":1,"169":1,"170":1,"171":1,"172":1,"176":1,"177":1,"179":1,"180":1,"181":1,"182":1,"184":1,"185":1,"186":1,"187":1,"190":1,"191":1,"192":1,"193":1,"198":1,"199":1,"203":1,"204":1,"211":1,"212":1,"217":1,"218":1,"224":1,"225":1,"229":1,"230":34,"231":34,"232":31,"235":1,"236":1,"237":4,"238":0,"240":4,"241":0,"243":4,"244":0,"246":4,"247":4,"248":0,"250":4,"251":4,"253":0,"257":1,"258":1,"259":0,"260":0,"264":1,"265":1,"266":0,"267":0,"270":1,"272":1,"273":4,"274":0,"275":0,"277":0,"278":4,"279":0,"282":4,"283":0,"285":4,"286":0,"288":4,"289":4,"290":4,"292":4,"293":0,"295":4,"298":4,"299":4,"300":4,"302":4,"303":0,"305":4,"306":0,"308":4,"309":0,"312":4,"313":4,"315":0,"316":0,"317":0,"318":0,"319":0,"321":0,"324":4,"325":4,"328":1,"329":4,"330":4,"331":0,"332":4,"335":1,"336":0,"339":1,"340":0,"341":0,"342":0,"344":0,"347":1,"348":0,"349":0,"351":0,"356":1,"357":0,"358":0,"361":0,"362":0,"363":0,"364":0,"365":0,"366":0,"368":0,"369":0,"370":0,"371":0,"372":0,"373":0,"374":0,"375":0,"376":0,"377":0,"378":0,"379":0,"380":0,"382":0,"388":1,"389":0,"391":0,"392":0,"393":0,"394":0,"395":0,"396":0,"398":0,"399":0,"400":0,"401":0,"402":0,"407":0,"408":0,"409":0,"410":0,"414":0,"415":0,"416":0,"417":0,"424":0,"425":0,"426":0,"427":0,"428":0,"429":0,"435":0,"436":0,"437":0,"438":0,"439":0,"445":0,"446":0,"447":0,"448":0,"452":0,"453":0,"455":0,"456":0,"457":0,"458":0,"459":0,"462":0,"463":0,"465":0,"468":0,"469":0,"470":0,"472":0,"474":0,"477":0,"479":0,"480":0,"481":0,"484":1,"485":1,"486":0,"487":0,"488":0,"491":0,"492":0,"494":0,"498":1,"499":1,"500":0,"501":0,"503":0,"504":0,"505":0,"506":0,"507":0,"508":0,"509":0,"513":0,"515":0,"516":0,"517":0,"518":0,"525":1,"527":1,"528":1,"529":0,"530":0,"532":0,"533":0,"534":0,"537":0,"544":1,"545":1,"546":0,"549":1,"550":1,"551":0,"554":1,"555":1,"556":0,"559":1,"560":1,"561":0,"564":1,"565":1,"566":0,"569":1,"570":1,"571":0,"574":1,"575":1,"576":0,"579":1,"580":1,"581":0,"582":0,"586":1,"587":1,"588":0,"589":0,"593":1,"594":1,"595":0,"598":1,"599":1,"600":0,"603":1,"604":1,"605":0,"608":1,"609":1,"610":0,"613":1,"614":1,"615":0,"618":1,"619":1,"620":0,"623":1,"624":1,"625":0,"626":0,"628":0,"629":0,"630":0,"631":0,"633":0,"634":0,"635":0,"636":0,"637":0,"638":0,"639":0,"640":0,"641":0,"642":0,"643":0,"645":0,"648":1,"649":1,"650":0,"651":0,"652":0,"654":0,"657":0,"658":0,"660":0,"661":0,"662":0,"664":0,"665":0,"667":0,"669":0,"672":1,"673":1,"674":0,"675":0,"677":0,"678":0,"680":0,"681":0,"682":0,"685":0,"686":0,"688":0,"691":1,"692":0,"695":1,"696":0,"698":0,"699":0,"701":0,"702":0,"704":0,"708":1,"709":1,"710":0,"711":0,"713":0,"714":0,"716":0,"719":0,"720":0,"721":0,"724":0,"727":0,"728":0,"731":0,"734":1,"735":0,"736":0,"738":0,"741":1,"742":0,"745":1,"746":0,"747":0,"748":0,"750":0,"751":0,"752":0,"754":0,"755":0,"758":0,"761":0,"764":0,"769":0,"770":0,"771":0,"773":0,"775":0,"776":0,"779":0,"780":0,"783":0,"787":1,"788":1,"789":0,"790":0,"791":0,"799":1,"800":0,"801":0,"802":0,"803":0,"804":0,"805":0,"806":0,"807":0,"808":0,"809":0,"812":1,"813":0,"822":1,"823":0,"824":0,"828":1,"829":0,"830":0,"831":0,"832":0,"834":0,"835":0,"836":0,"837":0,"838":0,"840":0,"841":0,"842":0,"843":0,"844":0,"845":0,"849":0,"852":0,"853":0,"863":1,"864":0,"865":0,"869":1,"870":0,"871":0,"872":0,"873":0,"874":0,"876":0,"877":0,"878":0,"879":0,"880":0,"881":0,"882":0,"884":0,"885":0,"886":0,"887":0,"888":0,"889":0,"890":0,"891":0,"894":0,"897":0,"900":0,"901":0,"902":0,"903":0,"906":0,"909":0,"913":0,"914":0,"918":1,"919":0,"920":0,"921":0,"925":1,"926":0,"927":0,"928":0,"929":0,"930":0,"931":0,"932":0,"933":0,"935":0,"936":0,"938":0,"939":0,"941":0,"944":0,"946":0,"948":0,"949":0,"950":0,"951":0,"953":0,"957":0,"958":0,"959":0,"960":0,"961":0,"962":0,"963":0,"964":0,"966":0,"969":0,"970":0,"971":0,"973":0,"976":0,"977":0,"978":0,"979":0,"980":0,"983":0,"985":0,"991":1,"992":0,"994":0,"1002":1,"1006":0,"1007":0,"1008":0,"1009":0,"1010":0,"1011":0,"1013":0,"1015":0,"1016":0,"1017":0,"1018":0,"1019":0,"1020":0,"1021":0,"1022":0,"1024":0,"1026":0,"1031":1,"1032":0,"1033":0,"1035":0,"1036":0,"1038":0,"1039":0,"1040":0,"1042":0,"1045":1,"1046":0,"1047":0,"1048":0,"1051":0,"1057":0,"1058":0,"1059":0,"1060":0,"1062":0,"1063":0,"1064":0,"1067":0,"1072":0,"1075":0,"1078":1,"1079":1,"1080":0,"1081":0,"1083":0,"1085":0,"1088":1,"1089":1,"1090":0,"1091":0,"1093":0,"1097":1,"1098":1,"1099":0,"1102":0,"1104":0,"1109":1,"1110":1,"1111":0,"1115":1,"1116":1,"1117":0,"1120":1,"1121":1,"1122":0,"1123":0,"1125":0,"1126":0,"1128":0,"1129":0,"1130":0,"1131":0,"1132":0,"1133":0,"1135":0,"1136":0,"1137":0,"1138":0,"1139":0,"1140":0,"1142":0,"1146":0,"1147":0,"1153":0,"1154":0,"1156":0,"1157":0,"1159":0,"1160":0,"1161":0,"1163":0,"1164":0,"1165":0,"1166":0,"1167":0,"1168":0,"1174":0,"1175":0,"1180":0,"1182":0,"1183":0,"1184":0,"1187":0}},"/home/travis/build/npmtest/node-npmtest-opencv/node_modules/opencv/smoke/smoketest.js":{"path":"/home/travis/build/npmtest/node-npmtest-opencv/node_modules/opencv/smoke/smoketest.js","s":{"1":2,"2":0,"3":0,"4":0,"5":0},"b":{},"f":{"1":0},"fnMap":{"1":{"name":"(anonymous_1)","line":23,"loc":{"start":{"line":23,"column":42},"end":{"line":23,"column":58}}}},"statementMap":{"1":{"start":{"line":1,"column":0},"end":{"line":1,"column":34}},"2":{"start":{"line":3,"column":0},"end":{"line":3,"column":22}},"3":{"start":{"line":23,"column":0},"end":{"line":26,"column":3}},"4":{"start":{"line":24,"column":2},"end":{"line":24,"column":65}},"5":{"start":{"line":25,"column":2},"end":{"line":25,"column":36}}},"branchMap":{},"code":["var cv = require('../lib/opencv');","","var trainingData = [];","/*","for (var i = 1; i< 41; i++){","  for (var j = 1; j<10; j++){","    trainingData.push([i,\"/Users/peterbraden/Downloads/orl_faces/s\" + i + \"/\" + j + \".pgm\" ])","  }","}","","cv.readImage(\"/Users/peterbraden/Downloads/orl_faces/s6/10.pgm\", function(e, im){","","  var facerec = cv.FaceRecognizer.createEigenFaceRecognizer();","  //facerec.trainSync(trainingData);","  facerec.loadSync(\"/Users/peterbraden/Desktop/ORL\")","","  console.log(facerec.predictSync(im));","","})","","","*/","cv.readImage(\"./examples/files/mona.png\", function(e, mat){","  var th = mat.threshold(200, 200, \"Threshold to Zero Inverted\");","  th.save('./examples/tmp/out.png');","});",""],"l":{"1":2,"3":0,"23":0,"24":0,"25":0}},"/home/travis/build/npmtest/node-npmtest-opencv/node_modules/opencv/utils/find-opencv.js":{"path":"/home/travis/build/npmtest/node-npmtest-opencv/node_modules/opencv/utils/find-opencv.js","s":{"1":1,"2":1,"3":1,"4":1,"5":1,"6":1,"7":1,"8":1,"9":0,"10":1,"11":0,"12":1,"13":0,"14":0,"15":0,"16":0,"17":0,"18":0,"19":0,"20":1,"21":0,"22":0,"23":0,"24":0,"25":0,"26":0,"27":0,"28":0,"29":0,"30":0,"31":0,"32":0,"33":0,"34":0,"35":1,"36":0,"37":1,"38":0,"39":1},"b":{"1":[1,1],"2":[0,1],"3":[1,0],"4":[0,1],"5":[0,0],"6":[0,0],"7":[0,0],"8":[0,0],"9":[0,0],"10":[0,0]},"f":{"1":1,"2":1,"3":0,"4":0,"5":0,"6":0,"7":0,"8":0},"fnMap":{"1":{"name":"main","line":13,"loc":{"start":{"line":13,"column":0},"end":{"line":13,"column":15}}},"2":{"name":"(anonymous_2)","line":15,"loc":{"start":{"line":15,"column":46},"end":{"line":15,"column":77}}},"3":{"name":"fallback","line":32,"loc":{"start":{"line":32,"column":0},"end":{"line":32,"column":19}}},"4":{"name":"(anonymous_4)","line":33,"loc":{"start":{"line":33,"column":30},"end":{"line":33,"column":61}}},"5":{"name":"printPaths","line":47,"loc":{"start":{"line":47,"column":0},"end":{"line":47,"column":31}}},"6":{"name":"(anonymous_6)","line":55,"loc":{"start":{"line":55,"column":28},"end":{"line":55,"column":48}}},"7":{"name":"cleanupEchoOutput","line":74,"loc":{"start":{"line":74,"column":0},"end":{"line":74,"column":29}}},"8":{"name":"getExtension","line":78,"loc":{"start":{"line":78,"column":0},"end":{"line":78,"column":24}}}},"statementMap":{"1":{"start":{"line":3,"column":0},"end":{"line":3,"column":41}},"2":{"start":{"line":4,"column":0},"end":{"line":4,"column":23}},"3":{"start":{"line":5,"column":0},"end":{"line":5,"column":41}},"4":{"start":{"line":11,"column":0},"end":{"line":11,"column":86}},"5":{"start":{"line":13,"column":0},"end":{"line":28,"column":1}},"6":{"start":{"line":15,"column":4},"end":{"line":27,"column":7}},"7":{"start":{"line":16,"column":8},"end":{"line":26,"column":9}},"8":{"start":{"line":17,"column":12},"end":{"line":22,"column":13}},"9":{"start":{"line":18,"column":16},"end":{"line":18,"column":27}},"10":{"start":{"line":21,"column":16},"end":{"line":21,"column":82}},"11":{"start":{"line":25,"column":12},"end":{"line":25,"column":32}},"12":{"start":{"line":32,"column":0},"end":{"line":45,"column":1}},"13":{"start":{"line":33,"column":4},"end":{"line":44,"column":7}},"14":{"start":{"line":34,"column":8},"end":{"line":34,"column":43}},"15":{"start":{"line":35,"column":8},"end":{"line":43,"column":9}},"16":{"start":{"line":36,"column":12},"end":{"line":36,"column":76}},"17":{"start":{"line":38,"column":13},"end":{"line":43,"column":9}},"18":{"start":{"line":39,"column":12},"end":{"line":39,"column":76}},"19":{"start":{"line":42,"column":12},"end":{"line":42,"column":31}},"20":{"start":{"line":47,"column":0},"end":{"line":72,"column":1}},"21":{"start":{"line":48,"column":4},"end":{"line":71,"column":5}},"22":{"start":{"line":49,"column":8},"end":{"line":49,"column":63}},"23":{"start":{"line":50,"column":8},"end":{"line":50,"column":71}},"24":{"start":{"line":52,"column":9},"end":{"line":71,"column":5}},"25":{"start":{"line":53,"column":8},"end":{"line":53,"column":45}},"26":{"start":{"line":55,"column":8},"end":{"line":67,"column":11}},"27":{"start":{"line":56,"column":12},"end":{"line":58,"column":13}},"28":{"start":{"line":57,"column":16},"end":{"line":57,"column":81}},"29":{"start":{"line":60,"column":12},"end":{"line":60,"column":26}},"30":{"start":{"line":61,"column":12},"end":{"line":65,"column":13}},"31":{"start":{"line":62,"column":16},"end":{"line":64,"column":17}},"32":{"start":{"line":63,"column":20},"end":{"line":63,"column":74}},"33":{"start":{"line":66,"column":12},"end":{"line":66,"column":30}},"34":{"start":{"line":70,"column":8},"end":{"line":70,"column":66}},"35":{"start":{"line":74,"column":0},"end":{"line":76,"column":1}},"36":{"start":{"line":75,"column":4},"end":{"line":75,"column":36}},"37":{"start":{"line":78,"column":0},"end":{"line":80,"column":1}},"38":{"start":{"line":79,"column":4},"end":{"line":79,"column":44}},"39":{"start":{"line":81,"column":0},"end":{"line":81,"column":7}}},"branchMap":{"1":{"line":5,"type":"binary-expr","locations":[{"start":{"line":5,"column":11},"end":{"line":5,"column":26}},{"start":{"line":5,"column":30},"end":{"line":5,"column":40}}]},"2":{"line":11,"type":"cond-expr","locations":[{"start":{"line":11,"column":54},"end":{"line":11,"column":63}},{"start":{"line":11,"column":66},"end":{"line":11,"column":85}}]},"3":{"line":16,"type":"if","locations":[{"start":{"line":16,"column":8},"end":{"line":16,"column":8}},{"start":{"line":16,"column":8},"end":{"line":16,"column":8}}]},"4":{"line":17,"type":"if","locations":[{"start":{"line":17,"column":12},"end":{"line":17,"column":12}},{"start":{"line":17,"column":12},"end":{"line":17,"column":12}}]},"5":{"line":35,"type":"if","locations":[{"start":{"line":35,"column":8},"end":{"line":35,"column":8}},{"start":{"line":35,"column":8},"end":{"line":35,"column":8}}]},"6":{"line":38,"type":"if","locations":[{"start":{"line":38,"column":13},"end":{"line":38,"column":13}},{"start":{"line":38,"column":13},"end":{"line":38,"column":13}}]},"7":{"line":48,"type":"if","locations":[{"start":{"line":48,"column":4},"end":{"line":48,"column":4}},{"start":{"line":48,"column":4},"end":{"line":48,"column":4}}]},"8":{"line":52,"type":"if","locations":[{"start":{"line":52,"column":9},"end":{"line":52,"column":9}},{"start":{"line":52,"column":9},"end":{"line":52,"column":9}}]},"9":{"line":56,"type":"if","locations":[{"start":{"line":56,"column":12},"end":{"line":56,"column":12}},{"start":{"line":56,"column":12},"end":{"line":56,"column":12}}]},"10":{"line":62,"type":"if","locations":[{"start":{"line":62,"column":16},"end":{"line":62,"column":16}},{"start":{"line":62,"column":16},"end":{"line":62,"column":16}}]}},"code":["\"use strict\";","","var exec = require(\"child_process\").exec;","var fs = require(\"fs\");","var flag = process.argv[2] || \"--exists\";","","// Normally |pkg-config opencv ...| could report either OpenCV 2.x or OpenCV 3.y","// depending on what is installed.  To enable both 2.x and 3.y to co-exist on","// the same machine, the opencv.pc for 3.y can be installed as opencv3.pc and","// then selected by |export PKG_CONFIG_OPENCV3=1| before building node-opencv.","var opencv = process.env.PKG_CONFIG_OPENCV3 === \"1\" ? \"opencv3\" : '\"opencv >= 2.3.1\"';","","function main(){","    //Try using pkg-config, but if it fails and it is on Windows, try the fallback","    exec(\"pkg-config \" + opencv + \" \" + flag, function(error, stdout, stderr){","        if(error){","            if(process.platform === \"win32\"){","                fallback();","            }","            else{","                throw new Error(\"ERROR: failed to run: pkg-config\", opencv, flag);","            }","        }","        else{","            console.log(stdout);","        }","    });","}","","//======================Windows Specific=======================================","","function fallback(){","    exec(\"echo %OPENCV_DIR%\", function(error, stdout, stderr){","        stdout = cleanupEchoOutput(stdout);","        if(error){","            throw new Error(\"ERROR: There was an error reading OPENCV_DIR\");","        }","        else if(stdout === \"%OPENCV_DIR%\") {","            throw new Error(\"ERROR: OPENCV_DIR doesn't seem to be defined\");","        }","        else {","            printPaths(stdout);","        }","    });","}","","function printPaths(opencvPath){","    if(flag === \"--cflags\") {","        console.log(\"\\\"\" + opencvPath + \"\\\\..\\\\..\\\\include\\\"\");","        console.log(\"\\\"\" + opencvPath + \"\\\\..\\\\..\\\\include\\\\opencv\\\"\");","    }","    else if(flag === \"--libs\") {","        var libPath = opencvPath + \"\\\\lib\\\\\";","","        fs.readdir(libPath, function(err, files){","            if(err){","                throw new Error(\"ERROR: couldn't read the lib directory \" + err);","            }","","            var libs = \"\";","            for(var i = 0; i < files.length; i++){","                if(getExtension(files[i]) === \"lib\"){","                    libs = libs + \" \\\"\" + libPath + files[i] + \"\\\" \\r\\n \";","                }","            }","            console.log(libs);","        });","    }","    else {","        throw new Error(\"Error: unknown argument '\" + flag + \"'\");","    }","}","","function cleanupEchoOutput(s){","    return s.slice(0, s.length - 2);","}","","function getExtension(s){","    return s.substr(s.lastIndexOf(\".\") + 1);","}","main();",""],"l":{"3":1,"4":1,"5":1,"11":1,"13":1,"15":1,"16":1,"17":1,"18":0,"21":1,"25":0,"32":1,"33":0,"34":0,"35":0,"36":0,"38":0,"39":0,"42":0,"47":1,"48":0,"49":0,"50":0,"52":0,"53":0,"55":0,"56":0,"57":0,"60":0,"61":0,"62":0,"63":0,"66":0,"70":0,"74":1,"75":0,"78":1,"79":0,"81":1}}}